2026-04-08 18:20:38,154 [INFO] ===== 启动 Actor 进程 =====
2026-04-08 18:20:38,154 [INFO] 初始化 pygame...
2026-04-08 18:20:38,265 [INFO] 加载字体: C:\Users\24704\Desktop\毕设\guandan_mcc-main\guandan_mcc-main\showdown\fonts\HanYiRegular.ttf
2026-04-08 18:20:38,277 [INFO] 所有图片加载成功
2026-04-08 18:20:38,277 [INFO] 创建窗口...
2026-04-08 18:20:38,314 [INFO] 窗口创建完成，显示等待画面
2026-04-08 18:20:38,319 [INFO] ZMQ 端口 11003 绑定成功，设置接收超时 100ms
2026-04-08 18:20:38,502 [DEBUG] 收到消息 type=notify, stage=beginning
2026-04-08 18:20:38,502 [INFO] 收到 beginning 消息, 服务端分配座位: 3
2026-04-08 18:20:38,547 [DEBUG] 收到消息 type=act, stage=play
2026-04-08 18:20:43,634 [INFO] 玩家选择动作索引: 0
2026-04-08 18:20:43,647 [DEBUG] 收到消息 type=notify, stage=play
2026-04-08 18:20:43,682 [DEBUG] 收到消息 type=notify, stage=play
2026-04-08 18:20:43,715 [DEBUG] 收到消息 type=notify, stage=play
2026-04-08 18:20:43,748 [DEBUG] 收到消息 type=notify, stage=play
2026-04-08 18:20:43,783 [DEBUG] 收到消息 type=act, stage=play
2026-04-08 18:20:43,790 [WARNING] 未知 playArea 格式: {'actIndex': 24}
2026-04-08 18:20:43,790 [WARNING] 未知 playArea 格式: {'actIndex': 0}
2026-04-08 18:20:55,178 [INFO] 玩家选择动作索引: 0
2026-04-08 18:20:55,194 [DEBUG] 收到消息 type=notify, stage=play
2026-04-08 18:20:55,228 [DEBUG] 收到消息 type=notify, stage=play
2026-04-08 18:20:55,262 [DEBUG] 收到消息 type=notify, stage=play
2026-04-08 18:20:55,295 [DEBUG] 收到消息 type=notify, stage=play
2026-04-08 18:20:55,328 [DEBUG] 收到消息 type=act, stage=play
2026-04-08 18:20:55,336 [WARNING] 未知 playArea 格式: {'actIndex': 57}
2026-04-08 18:20:55,336 [WARNING] 未知 playArea 格式: {'actIndex': 65}
2026-04-08 18:20:55,336 [WARNING] 未知 playArea 格式: {'actIndex': 0}
2026-04-08 18:20:56,315 [INFO] 玩家选择动作索引: 0
2026-04-08 18:20:56,327 [DEBUG] 收到消息 type=notify, stage=play
2026-04-08 18:20:56,361 [DEBUG] 收到消息 type=notify, stage=play
2026-04-08 18:20:56,402 [DEBUG] 收到消息 type=notify, stage=play
2026-04-08 18:20:56,436 [DEBUG] 收到消息 type=notify, stage=play
2026-04-08 18:20:56,470 [DEBUG] 收到消息 type=act, stage=play
2026-04-08 18:20:56,477 [WARNING] 未知 playArea 格式: {'actIndex': 2}
2026-04-08 18:20:56,477 [WARNING] 未知 playArea 格式: {'actIndex': 65}
2026-04-08 18:20:56,477 [WARNING] 未知 playArea 格式: {'actIndex': 0}
2026-04-08 18:20:57,090 [INFO] 玩家选择动作索引: 0
2026-04-08 18:20:57,104 [DEBUG] 收到消息 type=notify, stage=play
2026-04-08 18:20:57,138 [DEBUG] 收到消息 type=notify, stage=play
2026-04-08 18:20:57,173 [DEBUG] 收到消息 type=notify, stage=play
2026-04-08 18:20:57,207 [DEBUG] 收到消息 type=notify, stage=play
2026-04-08 18:20:57,241 [DEBUG] 收到消息 type=act, stage=play
2026-04-08 18:20:57,247 [WARNING] 未知 playArea 格式: {'actIndex': 9}
2026-04-08 18:20:57,247 [WARNING] 未知 playArea 格式: {'actIndex': 65}
2026-04-08 18:20:57,247 [WARNING] 未知 playArea 格式: {'actIndex': 1}
2026-04-08 18:20:57,247 [WARNING] 未知 playArea 格式: {'actIndex': 0}
2026-04-08 18:20:57,727 [INFO] 玩家选择动作索引: 0
2026-04-08 18:20:57,742 [DEBUG] 收到消息 type=notify, stage=play
2026-04-08 18:20:57,777 [DEBUG] 收到消息 type=notify, stage=play
2026-04-08 18:20:57,811 [DEBUG] 收到消息 type=notify, stage=play
2026-04-08 18:20:57,845 [DEBUG] 收到消息 type=notify, stage=play
2026-04-08 18:20:57,878 [DEBUG] 收到消息 type=act, stage=play
2026-04-08 18:20:57,885 [WARNING] 未知 playArea 格式: {'actIndex': 9}
2026-04-08 18:20:57,885 [WARNING] 未知 playArea 格式: {'actIndex': 65}
2026-04-08 18:20:57,885 [WARNING] 未知 playArea 格式: {'actIndex': 51}
2026-04-08 18:20:57,885 [WARNING] 未知 playArea 格式: {'actIndex': 0}
2026-04-08 18:20:58,503 [INFO] 玩家选择动作索引: 0
2026-04-08 18:20:58,516 [DEBUG] 收到消息 type=notify, stage=play
2026-04-08 18:20:58,550 [DEBUG] 收到消息 type=notify, stage=play
2026-04-08 18:20:58,584 [DEBUG] 收到消息 type=notify, stage=play
2026-04-08 18:20:58,617 [DEBUG] 收到消息 type=notify, stage=play
2026-04-08 18:20:58,651 [DEBUG] 收到消息 type=act, stage=play
2026-04-08 18:20:58,658 [WARNING] 未知 playArea 格式: {'actIndex': 9}
2026-04-08 18:20:58,659 [WARNING] 未知 playArea 格式: {'actIndex': 65}
2026-04-08 18:20:58,659 [WARNING] 未知 playArea 格式: {'actIndex': 78}
2026-04-08 18:20:58,659 [WARNING] 未知 playArea 格式: {'actIndex': 0}
2026-04-08 18:20:59,423 [INFO] 玩家选择动作索引: 0
2026-04-08 18:20:59,435 [DEBUG] 收到消息 type=notify, stage=play
2026-04-08 18:20:59,469 [DEBUG] 收到消息 type=notify, stage=play
2026-04-08 18:20:59,502 [DEBUG] 收到消息 type=notify, stage=play
2026-04-08 18:20:59,537 [DEBUG] 收到消息 type=notify, stage=play
2026-04-08 18:20:59,571 [DEBUG] 收到消息 type=act, stage=play
2026-04-08 18:20:59,577 [WARNING] 未知 playArea 格式: {'actIndex': 9}
2026-04-08 18:20:59,577 [WARNING] 未知 playArea 格式: {'actIndex': 65}
2026-04-08 18:20:59,577 [WARNING] 未知 playArea 格式: {'actIndex': 5}
2026-04-08 18:20:59,577 [WARNING] 未知 playArea 格式: {'actIndex': 0}
2026-04-08 18:21:00,277 [INFO] 玩家选择动作索引: 0
2026-04-08 18:21:00,296 [DEBUG] 收到消息 type=notify, stage=play
2026-04-08 18:21:00,328 [DEBUG] 收到消息 type=notify, stage=play
2026-04-08 18:21:00,362 [DEBUG] 收到消息 type=notify, stage=play
2026-04-08 18:21:00,395 [DEBUG] 收到消息 type=notify, stage=play
2026-04-08 18:21:00,428 [DEBUG] 收到消息 type=act, stage=play
2026-04-08 18:21:00,435 [WARNING] 未知 playArea 格式: {'actIndex': 1}
2026-04-08 18:21:00,435 [WARNING] 未知 playArea 格式: {'actIndex': 4}
2026-04-08 18:21:00,435 [WARNING] 未知 playArea 格式: {'actIndex': 2}
2026-04-08 18:21:00,435 [WARNING] 未知 playArea 格式: {'actIndex': 0}
2026-04-08 18:21:01,219 [INFO] 玩家选择动作索引: 0
2026-04-08 18:21:01,233 [DEBUG] 收到消息 type=notify, stage=play
2026-04-08 18:21:01,266 [DEBUG] 收到消息 type=notify, stage=play
2026-04-08 18:21:01,299 [DEBUG] 收到消息 type=notify, stage=play
2026-04-08 18:21:01,334 [DEBUG] 收到消息 type=notify, stage=play
2026-04-08 18:21:01,368 [DEBUG] 收到消息 type=act, stage=play
2026-04-08 18:21:01,375 [WARNING] 未知 playArea 格式: {'actIndex': 1}
2026-04-08 18:21:01,375 [WARNING] 未知 playArea 格式: {'actIndex': 4}
2026-04-08 18:21:01,375 [WARNING] 未知 playArea 格式: {'actIndex': 2}
2026-04-08 18:21:01,375 [WARNING] 未知 playArea 格式: {'actIndex': 0}
2026-04-08 18:21:02,138 [INFO] 玩家选择动作索引: 0
2026-04-08 18:21:02,152 [DEBUG] 收到消息 type=notify, stage=play
2026-04-08 18:21:02,186 [DEBUG] 收到消息 type=notify, stage=play
2026-04-08 18:21:02,220 [DEBUG] 收到消息 type=notify, stage=play
2026-04-08 18:21:02,253 [DEBUG] 收到消息 type=notify, stage=play
2026-04-08 18:21:02,286 [DEBUG] 收到消息 type=act, stage=play
2026-04-08 18:21:02,293 [WARNING] 未知 playArea 格式: {'actIndex': 4}
2026-04-08 18:21:02,294 [WARNING] 未知 playArea 格式: {'actIndex': 6}
2026-04-08 18:21:02,294 [WARNING] 未知 playArea 格式: {'actIndex': 2}
2026-04-08 18:21:02,294 [WARNING] 未知 playArea 格式: {'actIndex': 0}
2026-04-08 18:21:03,089 [INFO] 玩家选择动作索引: 0
2026-04-08 18:21:03,100 [DEBUG] 收到消息 type=notify, stage=play
2026-04-08 18:21:03,134 [DEBUG] 收到消息 type=notify, stage=play
2026-04-08 18:21:03,168 [DEBUG] 收到消息 type=notify, stage=play
2026-04-08 18:21:03,202 [DEBUG] 收到消息 type=notify, stage=play
2026-04-08 18:21:03,236 [DEBUG] 收到消息 type=act, stage=play
2026-04-08 18:21:03,243 [WARNING] 未知 playArea 格式: {'actIndex': 4}
2026-04-08 18:21:03,243 [WARNING] 未知 playArea 格式: {'actIndex': 112}
2026-04-08 18:21:03,243 [WARNING] 未知 playArea 格式: {'actIndex': 2}
2026-04-08 18:21:03,243 [WARNING] 未知 playArea 格式: {'actIndex': 0}
2026-04-08 18:21:04,279 [INFO] 玩家选择动作索引: 0
2026-04-08 18:21:04,293 [DEBUG] 收到消息 type=notify, stage=play
2026-04-08 18:21:04,328 [DEBUG] 收到消息 type=notify, stage=play
2026-04-08 18:21:04,363 [DEBUG] 收到消息 type=notify, stage=play
2026-04-08 18:21:04,398 [DEBUG] 收到消息 type=notify, stage=play
2026-04-08 18:21:04,432 [DEBUG] 收到消息 type=act, stage=play
2026-04-08 18:21:04,439 [WARNING] 未知 playArea 格式: {'actIndex': 4}
2026-04-08 18:21:04,439 [WARNING] 未知 playArea 格式: {'actIndex': 6}
2026-04-08 18:21:04,439 [WARNING] 未知 playArea 格式: {'actIndex': 7}
2026-04-08 18:21:04,439 [WARNING] 未知 playArea 格式: {'actIndex': 0}
2026-04-08 18:21:05,460 [INFO] 玩家选择动作索引: 0
2026-04-08 18:21:05,472 [DEBUG] 收到消息 type=notify, stage=play
2026-04-08 18:21:05,505 [DEBUG] 收到消息 type=notify, stage=play
2026-04-08 18:21:05,540 [DEBUG] 收到消息 type=notify, stage=play
2026-04-08 18:21:05,573 [DEBUG] 收到消息 type=notify, stage=play
2026-04-08 18:21:05,606 [DEBUG] 收到消息 type=act, stage=play
2026-04-08 18:21:05,613 [WARNING] 未知 playArea 格式: {'actIndex': 1}
2026-04-08 18:21:05,613 [WARNING] 未知 playArea 格式: {'actIndex': 6}
2026-04-08 18:21:05,613 [WARNING] 未知 playArea 格式: {'actIndex': 7}
2026-04-08 18:21:05,613 [WARNING] 未知 playArea 格式: {'actIndex': 0}
2026-04-08 18:21:06,006 [INFO] 玩家选择动作索引: 0
2026-04-08 18:21:06,019 [DEBUG] 收到消息 type=notify, stage=play
2026-04-08 18:21:06,054 [DEBUG] 收到消息 type=notify, stage=play
2026-04-08 18:21:06,088 [DEBUG] 收到消息 type=notify, stage=play
2026-04-08 18:21:06,123 [DEBUG] 收到消息 type=notify, stage=play
2026-04-08 18:21:06,156 [DEBUG] 收到消息 type=act, stage=play
2026-04-08 18:21:06,162 [WARNING] 未知 playArea 格式: {'actIndex': 1}
2026-04-08 18:21:06,162 [WARNING] 未知 playArea 格式: {'actIndex': 6}
2026-04-08 18:21:06,162 [WARNING] 未知 playArea 格式: {'actIndex': 1}
2026-04-08 18:21:06,162 [WARNING] 未知 playArea 格式: {'actIndex': 0}
2026-04-08 18:21:06,397 [INFO] 玩家选择动作索引: 0
2026-04-08 18:21:06,410 [DEBUG] 收到消息 type=notify, stage=play
2026-04-08 18:21:06,445 [DEBUG] 收到消息 type=notify, stage=play
2026-04-08 18:21:06,478 [DEBUG] 收到消息 type=notify, stage=play
2026-04-08 18:21:06,511 [DEBUG] 收到消息 type=notify, stage=play
2026-04-08 18:21:06,544 [DEBUG] 收到消息 type=act, stage=play
2026-04-08 18:21:06,550 [WARNING] 未知 playArea 格式: {'actIndex': 1}
2026-04-08 18:21:06,550 [WARNING] 未知 playArea 格式: {'actIndex': 6}
2026-04-08 18:21:06,551 [WARNING] 未知 playArea 格式: {'actIndex': 3}
2026-04-08 18:21:06,551 [WARNING] 未知 playArea 格式: {'actIndex': 0}
2026-04-08 18:21:06,619 [INFO] 玩家选择动作索引: 0
2026-04-08 18:21:06,645 [DEBUG] 收到消息 type=notify, stage=play
2026-04-08 18:21:06,679 [DEBUG] 收到消息 type=notify, stage=play
2026-04-08 18:21:06,713 [DEBUG] 收到消息 type=notify, stage=play
2026-04-08 18:21:06,746 [DEBUG] 收到消息 type=notify, stage=play
2026-04-08 18:21:06,779 [DEBUG] 收到消息 type=act, stage=play
2026-04-08 18:21:06,785 [WARNING] 未知 playArea 格式: {'actIndex': 1}
2026-04-08 18:21:06,785 [WARNING] 未知 playArea 格式: {'actIndex': 6}
2026-04-08 18:21:06,785 [WARNING] 未知 playArea 格式: {'actIndex': 6}
2026-04-08 18:21:06,785 [WARNING] 未知 playArea 格式: {'actIndex': 0}
2026-04-08 18:21:06,827 [INFO] 玩家选择动作索引: 0
2026-04-08 18:21:06,852 [DEBUG] 收到消息 type=notify, stage=play
2026-04-08 18:21:06,886 [DEBUG] 收到消息 type=notify, stage=play
2026-04-08 18:21:06,921 [DEBUG] 收到消息 type=notify, stage=play
2026-04-08 18:21:06,956 [DEBUG] 收到消息 type=notify, stage=play
2026-04-08 18:21:06,990 [DEBUG] 收到消息 type=act, stage=play
2026-04-08 18:21:06,995 [WARNING] 未知 playArea 格式: {'actIndex': 1}
2026-04-08 18:21:06,995 [WARNING] 未知 playArea 格式: {'actIndex': 6}
2026-04-08 18:21:06,995 [WARNING] 未知 playArea 格式: {'actIndex': 3}
2026-04-08 18:21:06,995 [WARNING] 未知 playArea 格式: {'actIndex': 0}
2026-04-08 18:21:07,022 [INFO] 玩家选择动作索引: 0
2026-04-08 18:21:07,036 [DEBUG] 收到消息 type=notify, stage=play
2026-04-08 18:21:07,070 [DEBUG] 收到消息 type=notify, stage=play
2026-04-08 18:21:07,104 [DEBUG] 收到消息 type=notify, stage=play
2026-04-08 18:21:07,138 [DEBUG] 收到消息 type=notify, stage=play
2026-04-08 18:21:07,173 [DEBUG] 收到消息 type=act, stage=play
2026-04-08 18:21:07,179 [WARNING] 未知 playArea 格式: {'actIndex': 1}
2026-04-08 18:21:07,179 [WARNING] 未知 playArea 格式: {'actIndex': 6}
2026-04-08 18:21:07,179 [WARNING] 未知 playArea 格式: {'actIndex': 3}
2026-04-08 18:21:07,180 [WARNING] 未知 playArea 格式: {'actIndex': 0}
2026-04-08 18:21:07,221 [INFO] 玩家选择动作索引: 0
2026-04-08 18:21:07,233 [DEBUG] 收到消息 type=notify, stage=play
2026-04-08 18:21:07,269 [DEBUG] 收到消息 type=notify, stage=play
2026-04-08 18:21:07,302 [DEBUG] 收到消息 type=notify, stage=play
2026-04-08 18:21:07,335 [DEBUG] 收到消息 type=notify, stage=play
2026-04-08 18:21:07,368 [DEBUG] 收到消息 type=act, stage=play
2026-04-08 18:21:07,375 [WARNING] 未知 playArea 格式: {'actIndex': 1}
2026-04-08 18:21:07,375 [WARNING] 未知 playArea 格式: {'actIndex': 6}
2026-04-08 18:21:07,375 [WARNING] 未知 playArea 格式: {'actIndex': 0}
2026-04-08 18:21:07,375 [WARNING] 未知 playArea 格式: {'actIndex': 0}
2026-04-08 18:21:07,420 [INFO] 玩家选择动作索引: 0
2026-04-08 18:21:07,433 [DEBUG] 收到消息 type=notify, stage=play
2026-04-08 18:21:07,469 [DEBUG] 收到消息 type=notify, stage=play
2026-04-08 18:21:07,503 [DEBUG] 收到消息 type=notify, stage=play
2026-04-08 18:21:07,536 [DEBUG] 收到消息 type=notify, stage=play
2026-04-08 18:21:07,578 [DEBUG] 收到消息 type=act, stage=play
2026-04-08 18:21:07,585 [WARNING] 未知 playArea 格式: {'actIndex': 1}
2026-04-08 18:21:07,585 [WARNING] 未知 playArea 格式: {'actIndex': 6}
2026-04-08 18:21:07,585 [WARNING] 未知 playArea 格式: {'actIndex': 0}
2026-04-08 18:21:07,585 [WARNING] 未知 playArea 格式: {'actIndex': 0}
2026-04-08 18:21:07,635 [INFO] 玩家选择动作索引: 0
2026-04-08 18:21:07,649 [DEBUG] 收到消息 type=notify, stage=play
2026-04-08 18:21:07,683 [DEBUG] 收到消息 type=notify, stage=play
2026-04-08 18:21:07,716 [DEBUG] 收到消息 type=notify, stage=play
2026-04-08 18:21:07,749 [DEBUG] 收到消息 type=notify, stage=play
2026-04-08 18:21:07,784 [DEBUG] 收到消息 type=act, stage=play
2026-04-08 18:21:07,791 [WARNING] 未知 playArea 格式: {'actIndex': 1}
2026-04-08 18:21:07,791 [WARNING] 未知 playArea 格式: {'actIndex': 6}
2026-04-08 18:21:07,791 [WARNING] 未知 playArea 格式: {'actIndex': 3}
2026-04-08 18:21:07,791 [WARNING] 未知 playArea 格式: {'actIndex': 0}
2026-04-08 18:21:07,884 [INFO] 玩家选择动作索引: 0
2026-04-08 18:21:07,896 [DEBUG] 收到消息 type=notify, stage=play
2026-04-08 18:21:07,931 [DEBUG] 收到消息 type=notify, stage=play
2026-04-08 18:21:07,965 [DEBUG] 收到消息 type=notify, stage=play
2026-04-08 18:21:07,998 [DEBUG] 收到消息 type=notify, stage=play
2026-04-08 18:21:08,032 [DEBUG] 收到消息 type=act, stage=play
2026-04-08 18:21:08,038 [WARNING] 未知 playArea 格式: {'actIndex': 1}
2026-04-08 18:21:08,038 [WARNING] 未知 playArea 格式: {'actIndex': 6}
2026-04-08 18:21:08,038 [WARNING] 未知 playArea 格式: {'actIndex': 2}
2026-04-08 18:21:08,038 [WARNING] 未知 playArea 格式: {'actIndex': 0}
2026-04-08 18:21:08,236 [INFO] 玩家选择动作索引: 0
2026-04-08 18:21:08,250 [DEBUG] 收到消息 type=notify, stage=play
2026-04-08 18:21:08,284 [DEBUG] 收到消息 type=notify, stage=play
2026-04-08 18:21:08,318 [DEBUG] 收到消息 type=notify, stage=play
2026-04-08 18:21:08,352 [DEBUG] 收到消息 type=notify, stage=play
2026-04-08 18:21:08,385 [DEBUG] 收到消息 type=act, stage=play
2026-04-08 18:21:08,392 [WARNING] 未知 playArea 格式: {'actIndex': 1}
2026-04-08 18:21:08,392 [WARNING] 未知 playArea 格式: {'actIndex': 6}
2026-04-08 18:21:08,392 [WARNING] 未知 playArea 格式: {'actIndex': 0}
2026-04-08 18:21:08,392 [WARNING] 未知 playArea 格式: {'actIndex': 0}
2026-04-08 18:21:09,109 [INFO] 玩家选择动作索引: 0
2026-04-08 18:21:09,121 [DEBUG] 收到消息 type=notify, stage=play
2026-04-08 18:21:09,156 [DEBUG] 收到消息 type=notify, stage=play
2026-04-08 18:21:09,189 [DEBUG] 收到消息 type=notify, stage=play
2026-04-08 18:21:09,223 [DEBUG] 收到消息 type=notify, stage=play
2026-04-08 18:21:09,256 [DEBUG] 收到消息 type=act, stage=play
2026-04-08 18:21:09,262 [WARNING] 未知 playArea 格式: {'actIndex': 1}
2026-04-08 18:21:09,262 [WARNING] 未知 playArea 格式: {'actIndex': 6}
2026-04-08 18:21:09,262 [WARNING] 未知 playArea 格式: {'actIndex': 1}
2026-04-08 18:21:09,262 [WARNING] 未知 playArea 格式: {'actIndex': 0}
2026-04-08 18:21:09,916 [INFO] 玩家选择动作索引: 0
2026-04-08 18:21:09,928 [DEBUG] 收到消息 type=notify, stage=play
2026-04-08 18:21:09,963 [DEBUG] 收到消息 type=notify, stage=play
2026-04-08 18:21:09,997 [DEBUG] 收到消息 type=notify, stage=play
2026-04-08 18:21:10,030 [DEBUG] 收到消息 type=notify, stage=play
2026-04-08 18:21:10,065 [DEBUG] 收到消息 type=act, stage=play
2026-04-08 18:21:10,071 [WARNING] 未知 playArea 格式: {'actIndex': 1}
2026-04-08 18:21:10,071 [WARNING] 未知 playArea 格式: {'actIndex': 6}
2026-04-08 18:21:10,071 [WARNING] 未知 playArea 格式: {'actIndex': 0}
2026-04-08 18:21:10,071 [WARNING] 未知 playArea 格式: {'actIndex': 0}
2026-04-08 18:21:11,134 [INFO] 玩家选择动作索引: 0
2026-04-08 18:21:11,147 [DEBUG] 收到消息 type=notify, stage=play
2026-04-08 18:21:11,181 [DEBUG] 收到消息 type=notify, stage=play
2026-04-08 18:21:11,215 [DEBUG] 收到消息 type=notify, stage=play
2026-04-08 18:21:11,248 [DEBUG] 收到消息 type=notify, stage=play
2026-04-08 18:21:11,282 [DEBUG] 收到消息 type=act, stage=play
2026-04-08 18:21:11,289 [WARNING] 未知 playArea 格式: {'actIndex': 1}
2026-04-08 18:21:11,289 [WARNING] 未知 playArea 格式: {'actIndex': 6}
2026-04-08 18:21:11,289 [WARNING] 未知 playArea 格式: {'actIndex': 0}
2026-04-08 18:21:11,289 [WARNING] 未知 playArea 格式: {'actIndex': 0}
2026-04-08 18:21:12,081 [INFO] 玩家选择动作索引: 0
2026-04-08 18:21:12,094 [DEBUG] 收到消息 type=notify, stage=play
2026-04-08 18:21:12,127 [DEBUG] 收到消息 type=notify, stage=play
2026-04-08 18:21:12,162 [DEBUG] 收到消息 type=notify, stage=play
2026-04-08 18:21:12,195 [DEBUG] 收到消息 type=act, stage=play
2026-04-08 18:21:12,201 [WARNING] 未知 playArea 格式: {'actIndex': 3}
2026-04-08 18:21:12,201 [WARNING] 未知 playArea 格式: {'actIndex': 6}
2026-04-08 18:21:12,201 [WARNING] 未知 playArea 格式: {'actIndex': 0}
2026-04-08 18:21:12,201 [WARNING] 未知 playArea 格式: {'actIndex': 0}
2026-04-08 18:21:12,929 [INFO] 玩家选择动作索引: 0
2026-04-08 18:21:12,948 [DEBUG] 收到消息 type=notify, stage=play
2026-04-08 18:21:12,982 [DEBUG] 收到消息 type=notify, stage=play
2026-04-08 18:21:13,017 [DEBUG] 收到消息 type=notify, stage=play
2026-04-08 18:21:13,050 [DEBUG] 收到消息 type=act, stage=play
2026-04-08 18:21:13,057 [WARNING] 未知 playArea 格式: {'actIndex': 1}
2026-04-08 18:21:13,057 [WARNING] 未知 playArea 格式: {'actIndex': 6}
2026-04-08 18:21:13,057 [WARNING] 未知 playArea 格式: {'actIndex': 0}
2026-04-08 18:21:13,057 [WARNING] 未知 playArea 格式: {'actIndex': 0}
2026-04-08 18:21:13,739 [INFO] 玩家选择动作索引: 0
2026-04-08 18:21:13,751 [DEBUG] 收到消息 type=notify, stage=play
2026-04-08 18:21:13,785 [DEBUG] 收到消息 type=notify, stage=play
2026-04-08 18:21:13,818 [DEBUG] 收到消息 type=notify, stage=play
2026-04-08 18:21:13,853 [DEBUG] 收到消息 type=act, stage=play
2026-04-08 18:21:13,860 [WARNING] 未知 playArea 格式: {'actIndex': 2}
2026-04-08 18:21:13,860 [WARNING] 未知 playArea 格式: {'actIndex': 6}
2026-04-08 18:21:13,860 [WARNING] 未知 playArea 格式: {'actIndex': 0}
2026-04-08 18:21:13,860 [WARNING] 未知 playArea 格式: {'actIndex': 0}
2026-04-08 18:21:14,588 [INFO] 玩家选择动作索引: 0
2026-04-08 18:21:14,600 [DEBUG] 收到消息 type=notify, stage=play
2026-04-08 18:21:14,634 [DEBUG] 收到消息 type=notify, stage=play
2026-04-08 18:21:14,667 [DEBUG] 收到消息 type=notify, stage=play
2026-04-08 18:21:14,701 [DEBUG] 收到消息 type=act, stage=play
2026-04-08 18:21:14,708 [WARNING] 未知 playArea 格式: {'actIndex': 2}
2026-04-08 18:21:14,708 [WARNING] 未知 playArea 格式: {'actIndex': 6}
2026-04-08 18:21:14,708 [WARNING] 未知 playArea 格式: {'actIndex': 0}
2026-04-08 18:21:14,708 [WARNING] 未知 playArea 格式: {'actIndex': 0}
2026-04-08 18:21:15,167 [INFO] 玩家选择动作索引: 0
2026-04-08 18:21:15,180 [DEBUG] 收到消息 type=notify, stage=play
2026-04-08 18:21:15,215 [DEBUG] 收到消息 type=notify, stage=play
2026-04-08 18:21:15,248 [DEBUG] 收到消息 type=notify, stage=play
2026-04-08 18:21:15,282 [DEBUG] 收到消息 type=act, stage=play
2026-04-08 18:21:15,289 [WARNING] 未知 playArea 格式: {'actIndex': 1}
2026-04-08 18:21:15,289 [WARNING] 未知 playArea 格式: {'actIndex': 6}
2026-04-08 18:21:15,289 [WARNING] 未知 playArea 格式: {'actIndex': 0}
2026-04-08 18:21:15,289 [WARNING] 未知 playArea 格式: {'actIndex': 0}
2026-04-08 18:21:15,735 [INFO] 玩家选择动作索引: 0
2026-04-08 18:21:15,746 [DEBUG] 收到消息 type=notify, stage=play
2026-04-08 18:21:15,780 [DEBUG] 收到消息 type=notify, stage=play
2026-04-08 18:21:15,813 [DEBUG] 收到消息 type=notify, stage=episodeOver
2026-04-08 18:21:15,827 [ERROR] 消息处理异常: name 'wait_seconds' is not defined
Traceback (most recent call last):
  File "C:\Users\24704\Desktop\毕设\guandan_mcc-main\guandan_mcc-main\showdown\clients\showdown_actor.py", line 482, in run_one_player
    board.showOver(message)
  File "C:\Users\24704\Desktop\毕设\guandan_mcc-main\guandan_mcc-main\showdown\clients\showdown_actor.py", line 315, in showOver
    wait_seconds(5)
NameError: name 'wait_seconds' is not defined
2026-04-08 18:21:15,846 [DEBUG] 收到消息 type=notify, stage=beginning
2026-04-08 18:21:15,846 [INFO] 收到 beginning 消息, 服务端分配座位: 3
2026-04-08 18:21:15,881 [DEBUG] 收到消息 type=act, stage=tribute
2026-04-08 18:21:15,887 [WARNING] 未知 playArea 格式: {'actIndex': 0}
2026-04-08 18:21:15,887 [WARNING] 未知 playArea 格式: {'actIndex': 6}
2026-04-08 18:21:15,887 [WARNING] 未知 playArea 格式: {'actIndex': 0}
2026-04-08 18:21:15,887 [WARNING] 未知 playArea 格式: {'actIndex': 0}
2026-04-08 18:25:32,370 [INFO] 收到 Ctrl+C，终止所有进程...
2026-04-08 18:25:32,370 [INFO] 所有进程已终止
2026-04-08 18:32:05,063 [INFO] ===== 启动 Actor 进程 =====
2026-04-08 18:32:05,063 [INFO] 初始化 pygame...
2026-04-08 18:32:05,186 [INFO] 加载字体: C:\Users\24704\Desktop\毕设\guandan_mcc-main\guandan_mcc-main\showdown\fonts\HanYiRegular.ttf
2026-04-08 18:32:05,196 [INFO] 所有图片加载成功
2026-04-08 18:32:05,196 [INFO] 创建窗口...
2026-04-08 18:32:05,245 [INFO] 窗口创建完成，显示等待画面
2026-04-08 18:32:05,250 [INFO] ZMQ 端口 11003 绑定成功，设置接收超时 100ms
2026-04-08 18:32:15,554 [DEBUG] 收到消息 type=notify, stage=beginning
2026-04-08 18:32:15,554 [INFO] 收到 beginning 消息, 服务端分配座位: 3
2026-04-08 18:32:15,582 [DEBUG] 收到消息 type=act, stage=play
2026-04-08 18:32:19,066 [INFO] 玩家选择动作索引: 0
2026-04-08 18:32:19,068 [DEBUG] 收到消息 type=notify, stage=play
2026-04-08 18:32:19,100 [DEBUG] 收到消息 type=notify, stage=play
2026-04-08 18:32:19,134 [DEBUG] 收到消息 type=notify, stage=play
2026-04-08 18:32:19,167 [DEBUG] 收到消息 type=notify, stage=play
2026-04-08 18:32:19,200 [DEBUG] 收到消息 type=act, stage=play
2026-04-08 18:32:19,208 [WARNING] 未知 playArea 格式: {'actIndex': 3}
2026-04-08 18:32:19,208 [WARNING] 未知 playArea 格式: {'actIndex': 18}
2026-04-08 18:32:19,208 [WARNING] 未知 playArea 格式: {'actIndex': 7}
2026-04-08 18:32:19,208 [WARNING] 未知 playArea 格式: {'actIndex': 0}
2026-04-08 18:32:30,838 [INFO] 玩家选择动作索引: 0
2026-04-08 18:32:30,840 [DEBUG] 收到消息 type=notify, stage=play
2026-04-08 18:32:30,873 [DEBUG] 收到消息 type=notify, stage=play
2026-04-08 18:32:30,906 [DEBUG] 收到消息 type=notify, stage=play
2026-04-08 18:32:30,940 [DEBUG] 收到消息 type=notify, stage=play
2026-04-08 18:32:30,973 [DEBUG] 收到消息 type=act, stage=play
2026-04-08 18:32:30,979 [WARNING] 未知 playArea 格式: {'actIndex': 3}
2026-04-08 18:32:30,979 [WARNING] 未知 playArea 格式: {'actIndex': 18}
2026-04-08 18:32:30,979 [WARNING] 未知 playArea 格式: {'actIndex': 265}
2026-04-08 18:32:30,979 [WARNING] 未知 playArea 格式: {'actIndex': 0}
2026-04-08 18:32:51,851 [INFO] 玩家选择动作索引: 0
2026-04-08 18:32:51,853 [DEBUG] 收到消息 type=notify, stage=play
2026-04-08 18:32:51,885 [DEBUG] 收到消息 type=notify, stage=play
2026-04-08 18:32:51,920 [DEBUG] 收到消息 type=notify, stage=play
2026-04-08 18:32:51,952 [DEBUG] 收到消息 type=notify, stage=play
2026-04-08 18:32:51,986 [DEBUG] 收到消息 type=act, stage=play
2026-04-08 18:32:51,992 [WARNING] 未知 playArea 格式: {'actIndex': 78}
2026-04-08 18:32:51,992 [WARNING] 未知 playArea 格式: {'actIndex': 1}
2026-04-08 18:32:51,992 [WARNING] 未知 playArea 格式: {'actIndex': 265}
2026-04-08 18:32:51,992 [WARNING] 未知 playArea 格式: {'actIndex': 0}
2026-04-08 18:32:53,265 [INFO] 玩家选择动作索引: 0
2026-04-08 18:32:53,267 [DEBUG] 收到消息 type=notify, stage=play
2026-04-08 18:32:53,300 [DEBUG] 收到消息 type=notify, stage=play
2026-04-08 18:32:53,332 [DEBUG] 收到消息 type=notify, stage=play
2026-04-08 18:32:53,366 [DEBUG] 收到消息 type=notify, stage=play
2026-04-08 18:32:53,400 [DEBUG] 收到消息 type=act, stage=play
2026-04-08 18:32:53,405 [WARNING] 未知 playArea 格式: {'actIndex': 78}
2026-04-08 18:32:53,405 [WARNING] 未知 playArea 格式: {'actIndex': 24}
2026-04-08 18:32:53,407 [WARNING] 未知 playArea 格式: {'actIndex': 2}
2026-04-08 18:32:53,407 [WARNING] 未知 playArea 格式: {'actIndex': 0}
2026-04-08 18:32:54,324 [INFO] 玩家选择动作索引: 0
2026-04-08 18:32:54,326 [DEBUG] 收到消息 type=notify, stage=play
2026-04-08 18:32:54,358 [DEBUG] 收到消息 type=notify, stage=play
2026-04-08 18:32:54,392 [DEBUG] 收到消息 type=notify, stage=play
2026-04-08 18:32:54,426 [DEBUG] 收到消息 type=notify, stage=play
2026-04-08 18:32:54,460 [DEBUG] 收到消息 type=act, stage=play
2026-04-08 18:32:54,466 [WARNING] 未知 playArea 格式: {'actIndex': 78}
2026-04-08 18:32:54,467 [WARNING] 未知 playArea 格式: {'actIndex': 24}
2026-04-08 18:32:54,467 [WARNING] 未知 playArea 格式: {'actIndex': 5}
2026-04-08 18:32:54,467 [WARNING] 未知 playArea 格式: {'actIndex': 0}
2026-04-08 18:32:55,108 [INFO] 玩家选择动作索引: 0
2026-04-08 18:32:55,110 [DEBUG] 收到消息 type=notify, stage=play
2026-04-08 18:32:55,143 [DEBUG] 收到消息 type=notify, stage=play
2026-04-08 18:32:55,177 [DEBUG] 收到消息 type=notify, stage=play
2026-04-08 18:32:55,210 [DEBUG] 收到消息 type=notify, stage=play
2026-04-08 18:32:55,244 [DEBUG] 收到消息 type=act, stage=play
2026-04-08 18:32:55,249 [WARNING] 未知 playArea 格式: {'actIndex': 6}
2026-04-08 18:32:55,249 [WARNING] 未知 playArea 格式: {'actIndex': 24}
2026-04-08 18:32:55,250 [WARNING] 未知 playArea 格式: {'actIndex': 2}
2026-04-08 18:32:55,250 [WARNING] 未知 playArea 格式: {'actIndex': 0}
2026-04-08 18:32:55,793 [INFO] 玩家选择动作索引: 0
2026-04-08 18:32:55,796 [DEBUG] 收到消息 type=notify, stage=play
2026-04-08 18:32:55,828 [DEBUG] 收到消息 type=notify, stage=play
2026-04-08 18:32:55,863 [DEBUG] 收到消息 type=notify, stage=play
2026-04-08 18:32:55,896 [DEBUG] 收到消息 type=notify, stage=play
2026-04-08 18:32:55,929 [DEBUG] 收到消息 type=act, stage=play
2026-04-08 18:32:55,935 [WARNING] 未知 playArea 格式: {'actIndex': 6}
2026-04-08 18:32:55,935 [WARNING] 未知 playArea 格式: {'actIndex': 24}
2026-04-08 18:32:55,935 [WARNING] 未知 playArea 格式: {'actIndex': 9}
2026-04-08 18:32:55,935 [WARNING] 未知 playArea 格式: {'actIndex': 0}
2026-04-08 18:32:56,082 [INFO] 玩家选择动作索引: 0
2026-04-08 18:32:56,085 [DEBUG] 收到消息 type=notify, stage=play
2026-04-08 18:32:56,118 [DEBUG] 收到消息 type=notify, stage=play
2026-04-08 18:32:56,152 [DEBUG] 收到消息 type=notify, stage=play
2026-04-08 18:32:56,185 [DEBUG] 收到消息 type=notify, stage=play
2026-04-08 18:32:56,219 [DEBUG] 收到消息 type=act, stage=play
2026-04-08 18:32:56,226 [WARNING] 未知 playArea 格式: {'actIndex': 6}
2026-04-08 18:32:56,226 [WARNING] 未知 playArea 格式: {'actIndex': 24}
2026-04-08 18:32:56,226 [WARNING] 未知 playArea 格式: {'actIndex': 9}
2026-04-08 18:32:56,226 [WARNING] 未知 playArea 格式: {'actIndex': 0}
2026-04-08 18:32:56,264 [INFO] 玩家选择动作索引: 0
2026-04-08 18:32:56,266 [DEBUG] 收到消息 type=notify, stage=play
2026-04-08 18:32:56,299 [DEBUG] 收到消息 type=notify, stage=play
2026-04-08 18:32:56,332 [DEBUG] 收到消息 type=notify, stage=play
2026-04-08 18:32:56,365 [DEBUG] 收到消息 type=notify, stage=play
2026-04-08 18:32:56,399 [DEBUG] 收到消息 type=act, stage=play
2026-04-08 18:32:56,405 [WARNING] 未知 playArea 格式: {'actIndex': 6}
2026-04-08 18:32:56,405 [WARNING] 未知 playArea 格式: {'actIndex': 24}
2026-04-08 18:32:56,405 [WARNING] 未知 playArea 格式: {'actIndex': 16}
2026-04-08 18:32:56,405 [WARNING] 未知 playArea 格式: {'actIndex': 0}
2026-04-08 18:32:56,432 [INFO] 玩家选择动作索引: 0
2026-04-08 18:32:56,435 [DEBUG] 收到消息 type=notify, stage=play
2026-04-08 18:32:56,468 [DEBUG] 收到消息 type=notify, stage=play
2026-04-08 18:32:56,503 [DEBUG] 收到消息 type=notify, stage=play
2026-04-08 18:32:56,536 [DEBUG] 收到消息 type=notify, stage=play
2026-04-08 18:32:56,570 [DEBUG] 收到消息 type=act, stage=play
2026-04-08 18:32:56,575 [WARNING] 未知 playArea 格式: {'actIndex': 3}
2026-04-08 18:32:56,575 [WARNING] 未知 playArea 格式: {'actIndex': 24}
2026-04-08 18:32:56,575 [WARNING] 未知 playArea 格式: {'actIndex': 16}
2026-04-08 18:32:56,575 [WARNING] 未知 playArea 格式: {'actIndex': 0}
2026-04-08 18:32:56,606 [INFO] 玩家选择动作索引: 0
2026-04-08 18:32:56,609 [DEBUG] 收到消息 type=notify, stage=play
2026-04-08 18:32:56,641 [DEBUG] 收到消息 type=notify, stage=play
2026-04-08 18:32:56,675 [DEBUG] 收到消息 type=notify, stage=play
2026-04-08 18:32:56,709 [DEBUG] 收到消息 type=notify, stage=play
2026-04-08 18:32:56,742 [DEBUG] 收到消息 type=act, stage=play
2026-04-08 18:32:56,749 [WARNING] 未知 playArea 格式: {'actIndex': 38}
2026-04-08 18:32:56,749 [WARNING] 未知 playArea 格式: {'actIndex': 24}
2026-04-08 18:32:56,749 [WARNING] 未知 playArea 格式: {'actIndex': 16}
2026-04-08 18:32:56,749 [WARNING] 未知 playArea 格式: {'actIndex': 0}
2026-04-08 18:32:56,783 [INFO] 玩家选择动作索引: 0
2026-04-08 18:32:56,785 [DEBUG] 收到消息 type=notify, stage=play
2026-04-08 18:32:56,818 [DEBUG] 收到消息 type=notify, stage=play
2026-04-08 18:32:56,852 [DEBUG] 收到消息 type=notify, stage=play
2026-04-08 18:32:56,886 [DEBUG] 收到消息 type=notify, stage=play
2026-04-08 18:32:56,920 [DEBUG] 收到消息 type=act, stage=play
2026-04-08 18:32:56,927 [WARNING] 未知 playArea 格式: {'actIndex': 3}
2026-04-08 18:32:56,928 [WARNING] 未知 playArea 格式: {'actIndex': 24}
2026-04-08 18:32:56,928 [WARNING] 未知 playArea 格式: {'actIndex': 16}
2026-04-08 18:32:56,928 [WARNING] 未知 playArea 格式: {'actIndex': 0}
2026-04-08 18:32:56,969 [INFO] 玩家选择动作索引: 0
2026-04-08 18:32:56,971 [DEBUG] 收到消息 type=notify, stage=play
2026-04-08 18:32:57,004 [DEBUG] 收到消息 type=notify, stage=play
2026-04-08 18:32:57,038 [DEBUG] 收到消息 type=notify, stage=play
2026-04-08 18:32:57,072 [DEBUG] 收到消息 type=notify, stage=play
2026-04-08 18:32:57,105 [DEBUG] 收到消息 type=act, stage=play
2026-04-08 18:32:57,112 [WARNING] 未知 playArea 格式: {'actIndex': 5}
2026-04-08 18:32:57,112 [WARNING] 未知 playArea 格式: {'actIndex': 24}
2026-04-08 18:32:57,112 [WARNING] 未知 playArea 格式: {'actIndex': 16}
2026-04-08 18:32:57,112 [WARNING] 未知 playArea 格式: {'actIndex': 0}
2026-04-08 18:32:57,165 [INFO] 玩家选择动作索引: 0
2026-04-08 18:32:57,168 [DEBUG] 收到消息 type=notify, stage=play
2026-04-08 18:32:57,199 [DEBUG] 收到消息 type=notify, stage=play
2026-04-08 18:32:57,232 [DEBUG] 收到消息 type=notify, stage=play
2026-04-08 18:32:57,266 [DEBUG] 收到消息 type=notify, stage=play
2026-04-08 18:32:57,300 [DEBUG] 收到消息 type=act, stage=play
2026-04-08 18:32:57,306 [WARNING] 未知 playArea 格式: {'actIndex': 8}
2026-04-08 18:32:57,306 [WARNING] 未知 playArea 格式: {'actIndex': 24}
2026-04-08 18:32:57,306 [WARNING] 未知 playArea 格式: {'actIndex': 16}
2026-04-08 18:32:57,306 [WARNING] 未知 playArea 格式: {'actIndex': 0}
2026-04-08 18:32:57,345 [INFO] 玩家选择动作索引: 0
2026-04-08 18:32:57,348 [DEBUG] 收到消息 type=notify, stage=play
2026-04-08 18:32:57,380 [DEBUG] 收到消息 type=notify, stage=play
2026-04-08 18:32:57,413 [DEBUG] 收到消息 type=notify, stage=play
2026-04-08 18:32:57,448 [DEBUG] 收到消息 type=notify, stage=play
2026-04-08 18:32:57,482 [DEBUG] 收到消息 type=act, stage=play
2026-04-08 18:32:57,487 [WARNING] 未知 playArea 格式: {'actIndex': 4}
2026-04-08 18:32:57,487 [WARNING] 未知 playArea 格式: {'actIndex': 24}
2026-04-08 18:32:57,487 [WARNING] 未知 playArea 格式: {'actIndex': 16}
2026-04-08 18:32:57,487 [WARNING] 未知 playArea 格式: {'actIndex': 0}
2026-04-08 18:32:57,533 [INFO] 玩家选择动作索引: 0
2026-04-08 18:32:57,536 [DEBUG] 收到消息 type=notify, stage=play
2026-04-08 18:32:57,568 [DEBUG] 收到消息 type=notify, stage=play
2026-04-08 18:32:57,602 [DEBUG] 收到消息 type=notify, stage=play
2026-04-08 18:32:57,636 [DEBUG] 收到消息 type=notify, stage=play
2026-04-08 18:32:57,669 [DEBUG] 收到消息 type=act, stage=play
2026-04-08 18:32:57,675 [WARNING] 未知 playArea 格式: {'actIndex': 4}
2026-04-08 18:32:57,675 [WARNING] 未知 playArea 格式: {'actIndex': 24}
2026-04-08 18:32:57,675 [WARNING] 未知 playArea 格式: {'actIndex': 16}
2026-04-08 18:32:57,675 [WARNING] 未知 playArea 格式: {'actIndex': 0}
2026-04-08 18:32:57,703 [INFO] 玩家选择动作索引: 0
2026-04-08 18:32:57,706 [DEBUG] 收到消息 type=notify, stage=play
2026-04-08 18:32:57,738 [DEBUG] 收到消息 type=notify, stage=play
2026-04-08 18:32:57,772 [DEBUG] 收到消息 type=notify, stage=play
2026-04-08 18:32:57,806 [DEBUG] 收到消息 type=notify, stage=play
2026-04-08 18:32:57,838 [DEBUG] 收到消息 type=act, stage=play
2026-04-08 18:32:57,845 [WARNING] 未知 playArea 格式: {'actIndex': 3}
2026-04-08 18:32:57,845 [WARNING] 未知 playArea 格式: {'actIndex': 24}
2026-04-08 18:32:57,845 [WARNING] 未知 playArea 格式: {'actIndex': 16}
2026-04-08 18:32:57,845 [WARNING] 未知 playArea 格式: {'actIndex': 0}
2026-04-08 18:32:57,870 [INFO] 玩家选择动作索引: 0
2026-04-08 18:32:57,872 [DEBUG] 收到消息 type=notify, stage=play
2026-04-08 18:32:57,905 [DEBUG] 收到消息 type=notify, stage=play
2026-04-08 18:32:57,940 [DEBUG] 收到消息 type=notify, stage=play
2026-04-08 18:32:57,972 [DEBUG] 收到消息 type=notify, stage=play
2026-04-08 18:32:58,006 [DEBUG] 收到消息 type=act, stage=play
2026-04-08 18:32:58,013 [WARNING] 未知 playArea 格式: {'actIndex': 1}
2026-04-08 18:32:58,013 [WARNING] 未知 playArea 格式: {'actIndex': 4}
2026-04-08 18:32:58,013 [WARNING] 未知 playArea 格式: {'actIndex': 16}
2026-04-08 18:32:58,013 [WARNING] 未知 playArea 格式: {'actIndex': 0}
2026-04-08 18:32:59,653 [INFO] 玩家选择动作索引: 0
2026-04-08 18:32:59,655 [DEBUG] 收到消息 type=notify, stage=play
2026-04-08 18:32:59,697 [DEBUG] 收到消息 type=notify, stage=play
2026-04-08 18:32:59,722 [DEBUG] 收到消息 type=notify, stage=play
2026-04-08 18:32:59,756 [DEBUG] 收到消息 type=notify, stage=play
2026-04-08 18:32:59,790 [DEBUG] 收到消息 type=act, stage=play
2026-04-08 18:32:59,796 [WARNING] 未知 playArea 格式: {'actIndex': 1}
2026-04-08 18:32:59,797 [WARNING] 未知 playArea 格式: {'actIndex': 0}
2026-04-08 18:32:59,797 [WARNING] 未知 playArea 格式: {'actIndex': 16}
2026-04-08 18:32:59,797 [WARNING] 未知 playArea 格式: {'actIndex': 0}
2026-04-08 18:33:00,566 [INFO] 玩家选择动作索引: 0
2026-04-08 18:33:00,568 [DEBUG] 收到消息 type=notify, stage=play
2026-04-08 18:33:00,601 [DEBUG] 收到消息 type=notify, stage=play
2026-04-08 18:33:00,635 [DEBUG] 收到消息 type=notify, stage=play
2026-04-08 18:33:00,668 [DEBUG] 收到消息 type=notify, stage=play
2026-04-08 18:33:00,701 [DEBUG] 收到消息 type=act, stage=play
2026-04-08 18:33:00,708 [WARNING] 未知 playArea 格式: {'actIndex': 1}
2026-04-08 18:33:00,708 [WARNING] 未知 playArea 格式: {'actIndex': 1}
2026-04-08 18:33:00,708 [WARNING] 未知 playArea 格式: {'actIndex': 16}
2026-04-08 18:33:00,708 [WARNING] 未知 playArea 格式: {'actIndex': 0}
2026-04-08 18:39:44,239 [INFO] ===== 启动 Actor 进程 =====
2026-04-08 18:39:44,239 [INFO] 初始化 pygame...
2026-04-08 18:39:44,354 [INFO] 加载字体: C:\Users\24704\Desktop\毕设\guandan_mcc-main\guandan_mcc-main\showdown\fonts\HanYiRegular.ttf
2026-04-08 18:39:44,365 [INFO] 所有图片加载成功
2026-04-08 18:39:44,365 [INFO] 创建窗口...
2026-04-08 18:39:44,403 [INFO] 窗口创建完成，显示等待画面
2026-04-08 18:39:44,409 [INFO] ZMQ 端口 11003 绑定成功，设置接收超时 100ms
2026-04-08 18:39:46,736 [DEBUG] 收到消息 type=notify, stage=beginning
2026-04-08 18:39:46,736 [INFO] 收到 beginning 消息, 服务端分配座位: 3
2026-04-08 18:39:46,812 [DEBUG] 收到消息 type=notify, stage=play
2026-04-08 18:39:46,839 [DEBUG] 收到消息 type=notify, stage=play
2026-04-08 18:39:46,848 [DEBUG] 收到消息 type=act, stage=play
2026-04-08 18:39:46,854 [WARNING] 未知 playArea 格式: {'actIndex': 893}
2026-04-08 18:39:55,866 [INFO] 玩家选择动作索引: 4
2026-04-08 18:39:55,868 [DEBUG] 收到消息 type=notify, stage=play
2026-04-08 18:39:55,900 [DEBUG] 收到消息 type=notify, stage=play
2026-04-08 18:39:55,934 [DEBUG] 收到消息 type=notify, stage=play
2026-04-08 18:39:55,968 [DEBUG] 收到消息 type=notify, stage=play
2026-04-08 18:39:56,001 [DEBUG] 收到消息 type=act, stage=play
2026-04-08 18:39:56,006 [WARNING] 未知 playArea 格式: {'actIndex': 2}
2026-04-08 18:39:56,006 [WARNING] 未知 playArea 格式: {'actIndex': 893}
2026-04-08 18:39:56,006 [WARNING] 未知 playArea 格式: {'actIndex': 4}
2026-04-08 18:39:59,192 [INFO] 玩家选择动作索引: 0
2026-04-08 18:39:59,194 [DEBUG] 收到消息 type=notify, stage=play
2026-04-08 18:39:59,227 [DEBUG] 收到消息 type=notify, stage=play
2026-04-08 18:39:59,261 [DEBUG] 收到消息 type=notify, stage=play
2026-04-08 18:39:59,293 [DEBUG] 收到消息 type=notify, stage=play
2026-04-08 18:39:59,327 [DEBUG] 收到消息 type=act, stage=play
2026-04-08 18:39:59,332 [WARNING] 未知 playArea 格式: {'actIndex': 98}
2026-04-08 18:39:59,333 [WARNING] 未知 playArea 格式: {'actIndex': 12}
2026-04-08 18:39:59,333 [WARNING] 未知 playArea 格式: {'actIndex': 4}
2026-04-08 18:40:04,372 [INFO] 玩家选择动作索引: 0
2026-04-08 18:40:04,374 [DEBUG] 收到消息 type=notify, stage=play
2026-04-08 18:40:04,407 [DEBUG] 收到消息 type=notify, stage=play
2026-04-08 18:40:04,440 [DEBUG] 收到消息 type=notify, stage=play
2026-04-08 18:40:04,474 [DEBUG] 收到消息 type=notify, stage=play
2026-04-08 18:40:04,507 [DEBUG] 收到消息 type=act, stage=play
2026-04-08 18:40:04,513 [WARNING] 未知 playArea 格式: {'actIndex': 98}
2026-04-08 18:40:04,513 [WARNING] 未知 playArea 格式: {'actIndex': 7}
2026-04-08 18:40:04,513 [WARNING] 未知 playArea 格式: {'actIndex': 7}
2026-04-08 18:40:04,513 [WARNING] 未知 playArea 格式: {'actIndex': 4}
2026-04-08 18:40:06,629 [INFO] 玩家选择动作索引: 0
2026-04-08 18:40:06,631 [DEBUG] 收到消息 type=notify, stage=play
2026-04-08 18:40:06,663 [DEBUG] 收到消息 type=notify, stage=play
2026-04-08 18:40:06,698 [DEBUG] 收到消息 type=notify, stage=play
2026-04-08 18:40:06,732 [DEBUG] 收到消息 type=notify, stage=play
2026-04-08 18:40:06,766 [DEBUG] 收到消息 type=act, stage=play
2026-04-08 18:40:06,771 [WARNING] 未知 playArea 格式: {'actIndex': 3}
2026-04-08 18:40:06,771 [WARNING] 未知 playArea 格式: {'actIndex': 7}
2026-04-08 18:40:06,771 [WARNING] 未知 playArea 格式: {'actIndex': 2}
2026-04-08 18:40:06,771 [WARNING] 未知 playArea 格式: {'actIndex': 4}
2026-04-08 18:40:07,820 [INFO] 玩家选择动作索引: 0
2026-04-08 18:40:07,822 [DEBUG] 收到消息 type=notify, stage=play
2026-04-08 18:40:07,855 [DEBUG] 收到消息 type=notify, stage=play
2026-04-08 18:40:07,888 [DEBUG] 收到消息 type=notify, stage=play
2026-04-08 18:40:07,922 [DEBUG] 收到消息 type=notify, stage=play
2026-04-08 18:40:07,956 [DEBUG] 收到消息 type=act, stage=play
2026-04-08 18:40:07,961 [WARNING] 未知 playArea 格式: {'actIndex': 3}
2026-04-08 18:40:07,961 [WARNING] 未知 playArea 格式: {'actIndex': 7}
2026-04-08 18:40:07,961 [WARNING] 未知 playArea 格式: {'actIndex': 541}
2026-04-08 18:40:07,962 [WARNING] 未知 playArea 格式: {'actIndex': 4}
2026-04-08 18:40:08,532 [INFO] 玩家选择动作索引: 0
2026-04-08 18:40:08,534 [DEBUG] 收到消息 type=notify, stage=play
2026-04-08 18:40:08,566 [DEBUG] 收到消息 type=notify, stage=play
2026-04-08 18:40:08,599 [DEBUG] 收到消息 type=notify, stage=play
2026-04-08 18:40:08,633 [DEBUG] 收到消息 type=notify, stage=play
2026-04-08 18:40:08,667 [DEBUG] 收到消息 type=act, stage=play
2026-04-08 18:40:08,672 [WARNING] 未知 playArea 格式: {'actIndex': 3}
2026-04-08 18:40:08,672 [WARNING] 未知 playArea 格式: {'actIndex': 1}
2026-04-08 18:40:08,672 [WARNING] 未知 playArea 格式: {'actIndex': 541}
2026-04-08 18:40:08,672 [WARNING] 未知 playArea 格式: {'actIndex': 4}
2026-04-08 18:40:09,090 [INFO] 玩家选择动作索引: 0
2026-04-08 18:40:09,093 [DEBUG] 收到消息 type=notify, stage=play
2026-04-08 18:40:09,124 [DEBUG] 收到消息 type=notify, stage=play
2026-04-08 18:40:09,159 [DEBUG] 收到消息 type=notify, stage=play
2026-04-08 18:40:09,192 [DEBUG] 收到消息 type=notify, stage=play
2026-04-08 18:40:09,225 [DEBUG] 收到消息 type=act, stage=play
2026-04-08 18:40:09,232 [WARNING] 未知 playArea 格式: {'actIndex': 3}
2026-04-08 18:40:09,232 [WARNING] 未知 playArea 格式: {'actIndex': 8}
2026-04-08 18:40:09,232 [WARNING] 未知 playArea 格式: {'actIndex': 2}
2026-04-08 18:40:09,232 [WARNING] 未知 playArea 格式: {'actIndex': 4}
2026-04-08 18:40:09,452 [INFO] 玩家选择动作索引: 0
2026-04-08 18:40:09,454 [DEBUG] 收到消息 type=notify, stage=play
2026-04-08 18:40:09,486 [DEBUG] 收到消息 type=notify, stage=play
2026-04-08 18:40:09,521 [DEBUG] 收到消息 type=notify, stage=play
2026-04-08 18:40:09,555 [DEBUG] 收到消息 type=notify, stage=play
2026-04-08 18:40:09,589 [DEBUG] 收到消息 type=act, stage=play
2026-04-08 18:40:09,593 [WARNING] 未知 playArea 格式: {'actIndex': 3}
2026-04-08 18:40:09,593 [WARNING] 未知 playArea 格式: {'actIndex': 8}
2026-04-08 18:40:09,593 [WARNING] 未知 playArea 格式: {'actIndex': 5}
2026-04-08 18:40:09,593 [WARNING] 未知 playArea 格式: {'actIndex': 4}
2026-04-08 18:40:09,724 [INFO] 玩家选择动作索引: 0
2026-04-08 18:40:09,727 [DEBUG] 收到消息 type=notify, stage=play
2026-04-08 18:40:09,758 [DEBUG] 收到消息 type=notify, stage=play
2026-04-08 18:40:09,792 [DEBUG] 收到消息 type=notify, stage=play
2026-04-08 18:40:09,827 [DEBUG] 收到消息 type=notify, stage=play
2026-04-08 18:40:09,860 [DEBUG] 收到消息 type=act, stage=play
2026-04-08 18:40:09,866 [WARNING] 未知 playArea 格式: {'actIndex': 5}
2026-04-08 18:40:09,866 [WARNING] 未知 playArea 格式: {'actIndex': 8}
2026-04-08 18:40:09,866 [WARNING] 未知 playArea 格式: {'actIndex': 5}
2026-04-08 18:40:09,866 [WARNING] 未知 playArea 格式: {'actIndex': 4}
2026-04-08 18:40:09,910 [INFO] 玩家选择动作索引: 0
2026-04-08 18:40:09,912 [DEBUG] 收到消息 type=notify, stage=play
2026-04-08 18:40:09,944 [DEBUG] 收到消息 type=notify, stage=play
2026-04-08 18:40:09,977 [DEBUG] 收到消息 type=notify, stage=play
2026-04-08 18:40:10,009 [DEBUG] 收到消息 type=notify, stage=play
2026-04-08 18:40:10,043 [DEBUG] 收到消息 type=act, stage=play
2026-04-08 18:40:10,050 [WARNING] 未知 playArea 格式: {'actIndex': 7}
2026-04-08 18:40:10,050 [WARNING] 未知 playArea 格式: {'actIndex': 8}
2026-04-08 18:40:10,050 [WARNING] 未知 playArea 格式: {'actIndex': 5}
2026-04-08 18:40:10,050 [WARNING] 未知 playArea 格式: {'actIndex': 4}
2026-04-08 18:40:10,268 [INFO] 玩家选择动作索引: 0
2026-04-08 18:40:10,272 [DEBUG] 收到消息 type=notify, stage=play
2026-04-08 18:40:10,303 [DEBUG] 收到消息 type=notify, stage=play
2026-04-08 18:40:10,336 [DEBUG] 收到消息 type=notify, stage=play
2026-04-08 18:40:10,369 [DEBUG] 收到消息 type=notify, stage=play
2026-04-08 18:40:10,402 [DEBUG] 收到消息 type=act, stage=play
2026-04-08 18:40:10,409 [WARNING] 未知 playArea 格式: {'actIndex': 19}
2026-04-08 18:40:10,409 [WARNING] 未知 playArea 格式: {'actIndex': 8}
2026-04-08 18:40:10,409 [WARNING] 未知 playArea 格式: {'actIndex': 5}
2026-04-08 18:40:10,409 [WARNING] 未知 playArea 格式: {'actIndex': 4}
2026-04-08 18:40:10,478 [INFO] 玩家选择动作索引: 0
2026-04-08 18:40:10,480 [DEBUG] 收到消息 type=notify, stage=play
2026-04-08 18:40:10,513 [DEBUG] 收到消息 type=notify, stage=play
2026-04-08 18:40:10,547 [DEBUG] 收到消息 type=notify, stage=play
2026-04-08 18:40:10,581 [DEBUG] 收到消息 type=notify, stage=play
2026-04-08 18:40:10,614 [DEBUG] 收到消息 type=act, stage=play
2026-04-08 18:40:10,620 [WARNING] 未知 playArea 格式: {'actIndex': 9}
2026-04-08 18:40:10,620 [WARNING] 未知 playArea 格式: {'actIndex': 8}
2026-04-08 18:40:10,620 [WARNING] 未知 playArea 格式: {'actIndex': 5}
2026-04-08 18:40:10,620 [WARNING] 未知 playArea 格式: {'actIndex': 4}
2026-04-08 18:40:10,639 [INFO] 玩家选择动作索引: 0
2026-04-08 18:40:10,648 [DEBUG] 收到消息 type=notify, stage=play
2026-04-08 18:40:10,682 [DEBUG] 收到消息 type=notify, stage=play
2026-04-08 18:40:10,715 [DEBUG] 收到消息 type=notify, stage=play
2026-04-08 18:40:10,750 [DEBUG] 收到消息 type=notify, stage=play
2026-04-08 18:40:10,785 [DEBUG] 收到消息 type=act, stage=play
2026-04-08 18:40:10,792 [WARNING] 未知 playArea 格式: {'actIndex': 9}
2026-04-08 18:40:10,792 [WARNING] 未知 playArea 格式: {'actIndex': 8}
2026-04-08 18:40:10,792 [WARNING] 未知 playArea 格式: {'actIndex': 5}
2026-04-08 18:40:10,792 [WARNING] 未知 playArea 格式: {'actIndex': 4}
2026-04-09 10:09:13,404 [INFO] ===== 启动 Actor 进程 =====
2026-04-09 10:09:13,405 [INFO] 初始化 pygame...
2026-04-09 10:09:14,514 [INFO] 加载字体: C:\Users\24704\Desktop\毕设\guandan_mcc-main\guandan_mcc-main\showdown\fonts\HanYiRegular.ttf
2026-04-09 10:09:14,536 [INFO] 所有图片加载成功
2026-04-09 10:09:14,536 [INFO] 创建窗口...
2026-04-09 10:09:14,584 [INFO] 窗口创建完成，显示等待画面
2026-04-09 10:09:14,588 [INFO] ZMQ 端口 11003 绑定成功，设置接收超时 100ms
2026-04-09 10:09:17,360 [DEBUG] 收到消息 type=notify, stage=beginning
2026-04-09 10:09:17,360 [INFO] 收到 beginning 消息, 服务端分配座位: 3
2026-04-09 10:09:17,409 [DEBUG] 收到消息 type=notify, stage=play
2026-04-09 10:09:17,442 [DEBUG] 收到消息 type=notify, stage=play
2026-04-09 10:09:17,476 [DEBUG] 收到消息 type=notify, stage=play
2026-04-09 10:09:17,509 [DEBUG] 收到消息 type=act, stage=play
2026-04-09 10:09:17,516 [WARNING] 未知 playArea 格式: {'actIndex': 93}
2026-04-09 10:09:17,517 [WARNING] 未知 playArea 格式: {'actIndex': 231}
2026-04-09 10:09:32,205 [INFO] 玩家选择动作索引: 17
2026-04-09 10:09:32,208 [DEBUG] 收到消息 type=notify, stage=play
2026-04-09 10:09:32,239 [DEBUG] 收到消息 type=notify, stage=play
2026-04-09 10:09:32,272 [DEBUG] 收到消息 type=notify, stage=play
2026-04-09 10:09:32,306 [DEBUG] 收到消息 type=notify, stage=play
2026-04-09 10:09:32,341 [DEBUG] 收到消息 type=act, stage=play
2026-04-09 10:09:32,348 [WARNING] 未知 playArea 格式: {'actIndex': 5}
2026-04-09 10:09:32,349 [WARNING] 未知 playArea 格式: {'actIndex': 16}
2026-04-09 10:09:32,350 [WARNING] 未知 playArea 格式: {'actIndex': 17}
2026-04-09 10:11:39,930 [INFO] ===== 启动 Actor 进程 =====
2026-04-09 10:11:39,930 [INFO] 初始化 pygame...
2026-04-09 10:11:40,787 [INFO] 加载字体: C:\Users\24704\Desktop\毕设\guandan_mcc-main\guandan_mcc-main\showdown\fonts\HanYiRegular.ttf
2026-04-09 10:11:40,798 [INFO] 所有图片加载成功
2026-04-09 10:11:40,798 [INFO] 创建窗口...
2026-04-09 10:11:40,831 [INFO] 窗口创建完成，显示等待画面
2026-04-09 10:11:40,836 [INFO] ZMQ 端口 11003 绑定成功，设置接收超时 100ms
2026-04-09 10:11:41,209 [DEBUG] 收到消息 type=notify, stage=beginning
2026-04-09 10:11:41,209 [INFO] 收到 beginning 消息, 服务端分配座位: 3
2026-04-09 10:11:41,250 [DEBUG] 收到消息 type=act, stage=play
2026-04-09 10:11:47,743 [INFO] 玩家选择动作索引: 0
2026-04-09 10:11:47,746 [DEBUG] 收到消息 type=notify, stage=play
2026-04-09 10:11:47,778 [DEBUG] 收到消息 type=notify, stage=play
2026-04-09 10:11:47,811 [DEBUG] 收到消息 type=notify, stage=play
2026-04-09 10:11:47,846 [DEBUG] 收到消息 type=notify, stage=play
2026-04-09 10:11:47,879 [DEBUG] 收到消息 type=act, stage=play
2026-04-09 10:11:47,885 [WARNING] 未知 playArea 格式: {'actIndex': 36}
2026-04-09 10:11:47,887 [WARNING] 未知 playArea 格式: {'actIndex': 1}
2026-04-09 10:11:47,888 [WARNING] 未知 playArea 格式: {'actIndex': 0}
2026-04-09 10:21:20,054 [INFO] ===== 启动 Actor 进程 =====
2026-04-09 10:21:20,054 [INFO] 初始化 pygame...
2026-04-09 10:21:20,164 [INFO] 基础图片加载成功
2026-04-09 10:21:20,212 [INFO] 窗口创建完成
2026-04-09 10:21:20,216 [INFO] ZMQ 端口 11003 绑定成功
2026-04-09 10:21:36,581 [DEBUG] 收到消息 type=notify, stage=beginning
2026-04-09 10:21:36,581 [INFO] 收到 beginning, 座位: 3
2026-04-09 10:21:36,638 [DEBUG] 收到消息 type=notify, stage=play
2026-04-09 10:21:36,670 [DEBUG] 收到消息 type=notify, stage=play
2026-04-09 10:21:36,700 [DEBUG] 收到消息 type=notify, stage=play
2026-04-09 10:21:36,713 [DEBUG] 收到消息 type=act, stage=play
2026-04-09 10:21:51,204 [INFO] 玩家选择动作索引: 1
2026-04-09 10:21:51,207 [DEBUG] 收到消息 type=notify, stage=play
2026-04-09 10:21:51,219 [DEBUG] 收到消息 type=notify, stage=play
2026-04-09 10:21:51,231 [DEBUG] 收到消息 type=notify, stage=play
2026-04-09 10:21:51,242 [DEBUG] 收到消息 type=notify, stage=play
2026-04-09 10:21:51,260 [DEBUG] 收到消息 type=act, stage=play
2026-04-09 10:24:49,009 [INFO] 玩家选择动作索引: 0
2026-04-09 10:24:49,011 [DEBUG] 收到消息 type=notify, stage=play
2026-04-09 10:24:49,024 [DEBUG] 收到消息 type=notify, stage=play
2026-04-09 10:24:49,039 [DEBUG] 收到消息 type=notify, stage=play
2026-04-09 10:24:49,050 [DEBUG] 收到消息 type=notify, stage=play
2026-04-09 10:24:49,063 [DEBUG] 收到消息 type=act, stage=play
2026-04-09 10:24:52,169 [INFO] 玩家选择动作索引: 0
2026-04-09 10:24:52,172 [DEBUG] 收到消息 type=notify, stage=play
2026-04-09 10:24:52,197 [DEBUG] 收到消息 type=notify, stage=play
2026-04-09 10:24:52,210 [DEBUG] 收到消息 type=notify, stage=play
2026-04-09 10:24:52,222 [DEBUG] 收到消息 type=notify, stage=play
2026-04-09 10:24:52,235 [DEBUG] 收到消息 type=act, stage=play
2026-04-09 10:24:53,799 [INFO] 玩家选择动作索引: 0
2026-04-09 10:24:53,802 [DEBUG] 收到消息 type=notify, stage=play
2026-04-09 10:24:53,814 [DEBUG] 收到消息 type=notify, stage=play
2026-04-09 10:24:53,825 [DEBUG] 收到消息 type=notify, stage=play
2026-04-09 10:24:53,837 [DEBUG] 收到消息 type=notify, stage=play
2026-04-09 10:24:53,849 [DEBUG] 收到消息 type=act, stage=play
2026-04-09 10:28:21,381 [INFO] 玩家选择动作索引: 0
2026-04-09 10:28:21,385 [DEBUG] 收到消息 type=notify, stage=play
2026-04-09 10:28:21,396 [DEBUG] 收到消息 type=notify, stage=play
2026-04-09 10:28:21,407 [DEBUG] 收到消息 type=notify, stage=play
2026-04-09 10:28:21,419 [DEBUG] 收到消息 type=notify, stage=play
2026-04-09 10:28:21,432 [DEBUG] 收到消息 type=act, stage=play
2026-04-09 10:28:22,549 [INFO] 玩家选择动作索引: 0
2026-04-09 10:28:22,551 [DEBUG] 收到消息 type=notify, stage=play
2026-04-09 10:28:22,562 [DEBUG] 收到消息 type=notify, stage=play
2026-04-09 10:28:22,574 [DEBUG] 收到消息 type=notify, stage=play
2026-04-09 10:28:22,586 [DEBUG] 收到消息 type=notify, stage=play
2026-04-09 10:28:22,598 [DEBUG] 收到消息 type=act, stage=play
2026-04-09 10:28:23,644 [INFO] 玩家选择动作索引: 0
2026-04-09 10:28:23,646 [DEBUG] 收到消息 type=notify, stage=play
2026-04-09 10:28:23,659 [DEBUG] 收到消息 type=notify, stage=play
2026-04-09 10:28:23,670 [DEBUG] 收到消息 type=notify, stage=play
2026-04-09 10:28:23,683 [DEBUG] 收到消息 type=notify, stage=play
2026-04-09 10:28:23,695 [DEBUG] 收到消息 type=act, stage=play
2026-04-09 10:28:24,429 [INFO] 玩家选择动作索引: 0
2026-04-09 10:28:24,431 [DEBUG] 收到消息 type=notify, stage=play
2026-04-09 10:28:24,443 [DEBUG] 收到消息 type=notify, stage=play
2026-04-09 10:28:24,456 [DEBUG] 收到消息 type=notify, stage=play
2026-04-09 10:28:24,467 [DEBUG] 收到消息 type=notify, stage=play
2026-04-09 10:28:24,479 [DEBUG] 收到消息 type=act, stage=play
2026-04-09 10:28:25,303 [INFO] 玩家选择动作索引: 0
2026-04-09 10:28:25,305 [DEBUG] 收到消息 type=notify, stage=play
2026-04-09 10:28:25,317 [DEBUG] 收到消息 type=notify, stage=play
2026-04-09 10:28:25,329 [DEBUG] 收到消息 type=notify, stage=play
2026-04-09 10:28:25,341 [DEBUG] 收到消息 type=notify, stage=play
2026-04-09 10:28:25,353 [DEBUG] 收到消息 type=act, stage=play
2026-04-09 10:28:26,041 [INFO] 玩家选择动作索引: 0
2026-04-09 10:28:26,043 [DEBUG] 收到消息 type=notify, stage=play
2026-04-09 10:28:26,056 [DEBUG] 收到消息 type=notify, stage=play
2026-04-09 10:28:26,068 [DEBUG] 收到消息 type=notify, stage=play
2026-04-09 10:28:26,079 [DEBUG] 收到消息 type=notify, stage=play
2026-04-09 10:28:26,091 [DEBUG] 收到消息 type=act, stage=play
2026-04-09 10:28:26,964 [INFO] 玩家选择动作索引: 0
2026-04-09 10:28:26,966 [DEBUG] 收到消息 type=notify, stage=play
2026-04-09 10:28:26,978 [DEBUG] 收到消息 type=notify, stage=play
2026-04-09 10:28:26,990 [DEBUG] 收到消息 type=notify, stage=play
2026-04-09 10:28:27,002 [DEBUG] 收到消息 type=notify, stage=play
2026-04-09 10:28:27,015 [DEBUG] 收到消息 type=act, stage=play
2026-04-09 10:28:27,993 [INFO] 玩家选择动作索引: 0
2026-04-09 10:28:27,995 [DEBUG] 收到消息 type=notify, stage=play
2026-04-09 10:28:28,006 [DEBUG] 收到消息 type=notify, stage=play
2026-04-09 10:28:28,033 [DEBUG] 收到消息 type=notify, stage=play
2026-04-09 10:28:28,045 [DEBUG] 收到消息 type=notify, stage=play
2026-04-09 10:28:28,057 [DEBUG] 收到消息 type=act, stage=play
2026-04-09 10:28:28,862 [INFO] 玩家选择动作索引: 0
2026-04-09 10:28:28,865 [DEBUG] 收到消息 type=notify, stage=play
2026-04-09 10:28:28,889 [DEBUG] 收到消息 type=notify, stage=play
2026-04-09 10:28:28,900 [DEBUG] 收到消息 type=notify, stage=play
2026-04-09 10:28:28,912 [DEBUG] 收到消息 type=notify, stage=play
2026-04-09 10:28:28,922 [DEBUG] 收到消息 type=act, stage=play
2026-04-09 10:28:29,775 [INFO] 玩家选择动作索引: 0
2026-04-09 10:28:29,777 [DEBUG] 收到消息 type=notify, stage=play
2026-04-09 10:28:29,789 [DEBUG] 收到消息 type=notify, stage=play
2026-04-09 10:28:29,816 [DEBUG] 收到消息 type=notify, stage=play
2026-04-09 10:28:29,827 [DEBUG] 收到消息 type=notify, stage=play
2026-04-09 10:28:29,838 [DEBUG] 收到消息 type=act, stage=play
2026-04-09 10:28:30,436 [INFO] 玩家选择动作索引: 0
2026-04-09 10:28:30,439 [DEBUG] 收到消息 type=notify, stage=play
2026-04-09 10:28:30,451 [DEBUG] 收到消息 type=notify, stage=play
2026-04-09 10:28:30,479 [DEBUG] 收到消息 type=notify, stage=play
2026-04-09 10:28:30,490 [DEBUG] 收到消息 type=notify, stage=play
2026-04-09 10:28:30,502 [DEBUG] 收到消息 type=act, stage=play
2026-04-09 10:28:31,548 [INFO] 玩家选择动作索引: 0
2026-04-09 10:28:31,551 [DEBUG] 收到消息 type=notify, stage=play
2026-04-09 10:28:31,562 [DEBUG] 收到消息 type=notify, stage=play
2026-04-09 10:28:31,575 [DEBUG] 收到消息 type=notify, stage=play
2026-04-09 10:28:31,585 [DEBUG] 收到消息 type=notify, stage=play
2026-04-09 10:28:31,598 [DEBUG] 收到消息 type=act, stage=play
2026-04-09 10:28:33,814 [INFO] 玩家选择动作索引: 0
2026-04-09 10:28:33,816 [DEBUG] 收到消息 type=notify, stage=play
2026-04-09 10:28:33,828 [DEBUG] 收到消息 type=notify, stage=play
2026-04-09 10:28:33,839 [DEBUG] 收到消息 type=notify, stage=play
2026-04-09 10:28:33,851 [DEBUG] 收到消息 type=notify, stage=play
2026-04-09 10:28:33,862 [DEBUG] 收到消息 type=act, stage=play
2026-04-09 10:35:56,757 [INFO] 玩家选择动作索引: 0
2026-04-09 10:35:56,760 [DEBUG] 收到消息 type=notify, stage=play
2026-04-09 10:35:56,772 [DEBUG] 收到消息 type=notify, stage=play
2026-04-09 10:35:56,783 [DEBUG] 收到消息 type=notify, stage=play
2026-04-09 10:35:56,794 [DEBUG] 收到消息 type=notify, stage=play
2026-04-09 10:35:56,807 [DEBUG] 收到消息 type=act, stage=play
2026-04-09 10:35:57,866 [INFO] 玩家选择动作索引: 0
2026-04-09 10:35:57,868 [DEBUG] 收到消息 type=notify, stage=play
2026-04-09 10:35:57,880 [DEBUG] 收到消息 type=notify, stage=play
2026-04-09 10:35:57,892 [DEBUG] 收到消息 type=notify, stage=play
2026-04-09 10:35:57,903 [DEBUG] 收到消息 type=notify, stage=play
2026-04-09 10:35:57,915 [DEBUG] 收到消息 type=act, stage=play
2026-04-09 10:35:59,157 [INFO] 玩家选择动作索引: 0
2026-04-09 10:35:59,160 [DEBUG] 收到消息 type=notify, stage=play
2026-04-09 10:35:59,171 [DEBUG] 收到消息 type=notify, stage=play
2026-04-09 10:35:59,183 [DEBUG] 收到消息 type=notify, stage=play
2026-04-09 10:35:59,195 [DEBUG] 收到消息 type=notify, stage=play
2026-04-09 10:35:59,206 [DEBUG] 收到消息 type=act, stage=play
2026-04-09 10:35:59,743 [INFO] 玩家选择动作索引: 0
2026-04-09 10:35:59,746 [DEBUG] 收到消息 type=notify, stage=play
2026-04-09 10:35:59,757 [DEBUG] 收到消息 type=notify, stage=play
2026-04-09 10:35:59,769 [DEBUG] 收到消息 type=notify, stage=play
2026-04-09 10:35:59,781 [DEBUG] 收到消息 type=notify, stage=play
2026-04-09 10:35:59,792 [DEBUG] 收到消息 type=notify, stage=play
2026-04-09 10:35:59,820 [DEBUG] 收到消息 type=act, stage=play
2026-04-09 10:36:00,793 [INFO] 玩家选择动作索引: 0
2026-04-09 10:36:00,796 [DEBUG] 收到消息 type=notify, stage=play
2026-04-09 10:36:00,807 [DEBUG] 收到消息 type=notify, stage=play
2026-04-09 10:36:00,819 [DEBUG] 收到消息 type=notify, stage=play
2026-04-09 10:36:00,831 [DEBUG] 收到消息 type=act, stage=play
2026-04-09 10:36:01,258 [INFO] 玩家选择动作索引: 0
2026-04-09 10:36:01,261 [DEBUG] 收到消息 type=notify, stage=play
2026-04-09 10:36:01,272 [DEBUG] 收到消息 type=notify, stage=play
2026-04-09 10:36:01,283 [DEBUG] 收到消息 type=notify, stage=play
2026-04-09 10:36:01,295 [DEBUG] 收到消息 type=act, stage=play
2026-04-09 10:36:01,470 [INFO] 玩家选择动作索引: 0
2026-04-09 10:36:01,472 [DEBUG] 收到消息 type=notify, stage=play
2026-04-09 10:36:01,483 [DEBUG] 收到消息 type=notify, stage=play
2026-04-09 10:36:01,495 [DEBUG] 收到消息 type=notify, stage=play
2026-04-09 10:36:01,523 [DEBUG] 收到消息 type=act, stage=play
2026-04-09 10:36:01,657 [INFO] 玩家选择动作索引: 0
2026-04-09 10:36:01,660 [DEBUG] 收到消息 type=notify, stage=play
2026-04-09 10:36:01,673 [DEBUG] 收到消息 type=notify, stage=play
2026-04-09 10:36:01,685 [DEBUG] 收到消息 type=notify, stage=play
2026-04-09 10:36:01,697 [DEBUG] 收到消息 type=act, stage=play
2026-04-09 10:36:01,853 [INFO] 玩家选择动作索引: 0
2026-04-09 10:36:01,855 [DEBUG] 收到消息 type=notify, stage=play
2026-04-09 10:36:01,866 [DEBUG] 收到消息 type=notify, stage=play
2026-04-09 10:36:01,878 [DEBUG] 收到消息 type=notify, stage=play
2026-04-09 10:36:01,890 [DEBUG] 收到消息 type=act, stage=play
2026-04-09 10:36:02,866 [INFO] 玩家选择动作索引: 0
2026-04-09 10:36:02,868 [DEBUG] 收到消息 type=notify, stage=play
2026-04-09 10:36:02,879 [DEBUG] 收到消息 type=notify, stage=play
2026-04-09 10:36:02,890 [DEBUG] 收到消息 type=notify, stage=play
2026-04-09 10:36:02,903 [DEBUG] 收到消息 type=act, stage=play
2026-04-09 10:36:03,511 [INFO] 玩家选择动作索引: 0
2026-04-09 10:36:03,514 [DEBUG] 收到消息 type=notify, stage=play
2026-04-09 10:36:03,524 [DEBUG] 收到消息 type=notify, stage=play
2026-04-09 10:36:03,536 [DEBUG] 收到消息 type=notify, stage=play
2026-04-09 10:36:03,547 [DEBUG] 收到消息 type=act, stage=play
2026-04-09 10:36:03,721 [INFO] 玩家选择动作索引: 0
2026-04-09 10:36:03,724 [DEBUG] 收到消息 type=notify, stage=play
2026-04-09 10:36:03,734 [DEBUG] 收到消息 type=notify, stage=play
2026-04-09 10:36:03,746 [DEBUG] 收到消息 type=notify, stage=play
2026-04-09 10:36:03,758 [DEBUG] 收到消息 type=act, stage=play
2026-04-09 10:36:03,955 [INFO] 玩家选择动作索引: 0
2026-04-09 10:36:03,957 [DEBUG] 收到消息 type=notify, stage=play
2026-04-09 10:36:03,969 [DEBUG] 收到消息 type=notify, stage=play
2026-04-09 10:36:03,981 [DEBUG] 收到消息 type=notify, stage=play
2026-04-09 10:36:03,993 [DEBUG] 收到消息 type=act, stage=play
2026-04-09 10:36:04,152 [INFO] 玩家选择动作索引: 0
2026-04-09 10:36:04,154 [DEBUG] 收到消息 type=notify, stage=play
2026-04-09 10:36:04,167 [DEBUG] 收到消息 type=notify, stage=play
2026-04-09 10:36:04,179 [DEBUG] 收到消息 type=notify, stage=play
2026-04-09 10:36:04,191 [DEBUG] 收到消息 type=act, stage=play
2026-04-09 10:36:04,332 [INFO] 玩家选择动作索引: 0
2026-04-09 10:36:04,333 [DEBUG] 收到消息 type=notify, stage=play
2026-04-09 10:36:04,345 [DEBUG] 收到消息 type=notify, stage=play
2026-04-09 10:36:04,357 [DEBUG] 收到消息 type=notify, stage=play
2026-04-09 10:36:04,370 [DEBUG] 收到消息 type=act, stage=play
2026-04-09 10:36:04,573 [INFO] 玩家选择动作索引: 0
2026-04-09 10:36:04,574 [DEBUG] 收到消息 type=notify, stage=play
2026-04-09 10:36:04,586 [DEBUG] 收到消息 type=notify, stage=play
2026-04-09 10:36:04,597 [DEBUG] 收到消息 type=notify, stage=play
2026-04-09 10:36:04,608 [DEBUG] 收到消息 type=act, stage=play
2026-04-09 10:36:05,081 [INFO] 玩家选择动作索引: 0
2026-04-09 10:36:05,081 [DEBUG] 收到消息 type=notify, stage=play
2026-04-09 10:36:05,095 [DEBUG] 收到消息 type=notify, stage=play
2026-04-09 10:36:05,107 [DEBUG] 收到消息 type=notify, stage=play
2026-04-09 10:36:05,118 [DEBUG] 收到消息 type=act, stage=play
2026-04-09 10:36:05,531 [INFO] 玩家选择动作索引: 0
2026-04-09 10:36:05,533 [DEBUG] 收到消息 type=notify, stage=play
2026-04-09 10:36:05,544 [DEBUG] 收到消息 type=notify, stage=play
2026-04-09 10:36:05,556 [DEBUG] 收到消息 type=notify, stage=play
2026-04-09 10:36:05,572 [DEBUG] 收到消息 type=notify, stage=episodeOver
2026-04-09 10:36:10,597 [DEBUG] 收到消息 type=notify, stage=beginning
2026-04-09 10:36:10,597 [INFO] 收到 beginning, 座位: 3
2026-04-09 10:36:10,626 [DEBUG] 收到消息 type=act, stage=tribute
2026-04-09 10:36:29,905 [INFO] 玩家选择动作索引: 0
2026-04-09 10:36:29,911 [DEBUG] 收到消息 type=notify, stage=tribute
2026-04-09 10:36:31,928 [DEBUG] 收到消息 type=notify, stage=back
2026-04-09 10:36:33,949 [DEBUG] 收到消息 type=notify, stage=play
2026-04-09 10:36:33,962 [DEBUG] 收到消息 type=notify, stage=play
2026-04-09 10:36:33,976 [DEBUG] 收到消息 type=act, stage=play
2026-04-09 10:52:19,254 [INFO] ===== 启动 Actor 进程 =====
2026-04-09 10:52:19,254 [INFO] 初始化 pygame...
2026-04-09 10:52:20,371 [INFO] 基础图片加载成功
2026-04-09 10:52:20,409 [INFO] 窗口创建完成
2026-04-09 10:52:20,413 [INFO] ZMQ 端口 11003 绑定成功
2026-04-09 10:52:25,409 [DEBUG] 收到消息 type=notify, stage=beginning
2026-04-09 10:52:25,409 [INFO] 收到 beginning, 座位: 3
2026-04-09 10:52:25,447 [DEBUG] 收到消息 type=notify, stage=play
2026-04-09 10:52:25,462 [DEBUG] 收到消息 type=act, stage=play
2026-04-09 10:52:36,877 [INFO] 玩家选择动作索引: 14
2026-04-09 10:52:36,879 [DEBUG] 收到消息 type=notify, stage=play
2026-04-09 10:52:36,903 [DEBUG] 收到消息 type=notify, stage=play
2026-04-09 10:52:36,925 [DEBUG] 收到消息 type=notify, stage=play
2026-04-09 10:52:36,938 [DEBUG] 收到消息 type=notify, stage=play
2026-04-09 10:52:36,951 [DEBUG] 收到消息 type=act, stage=play
2026-04-09 10:52:39,710 [INFO] 玩家选择动作索引: 0
2026-04-09 10:52:39,712 [DEBUG] 收到消息 type=notify, stage=play
2026-04-09 10:52:39,729 [DEBUG] 收到消息 type=notify, stage=play
2026-04-09 10:52:39,765 [DEBUG] 收到消息 type=notify, stage=play
2026-04-09 10:52:39,777 [DEBUG] 收到消息 type=notify, stage=play
2026-04-09 10:52:39,790 [DEBUG] 收到消息 type=act, stage=play
2026-04-09 10:52:50,740 [INFO] 玩家选择动作索引: 17
2026-04-09 10:52:50,742 [DEBUG] 收到消息 type=notify, stage=play
2026-04-09 10:52:50,755 [DEBUG] 收到消息 type=notify, stage=play
2026-04-09 10:52:50,767 [DEBUG] 收到消息 type=notify, stage=play
2026-04-09 10:52:50,778 [DEBUG] 收到消息 type=notify, stage=play
2026-04-09 10:52:50,795 [DEBUG] 收到消息 type=act, stage=play
2026-04-09 10:52:54,759 [INFO] 玩家选择动作索引: 0
2026-04-09 10:52:54,762 [DEBUG] 收到消息 type=notify, stage=play
2026-04-09 10:52:54,773 [DEBUG] 收到消息 type=notify, stage=play
2026-04-09 10:52:54,785 [DEBUG] 收到消息 type=notify, stage=play
2026-04-09 10:52:54,796 [DEBUG] 收到消息 type=notify, stage=play
2026-04-09 10:52:54,808 [DEBUG] 收到消息 type=act, stage=play
2026-04-09 10:53:04,868 [INFO] 玩家选择动作索引: 5
2026-04-09 10:53:04,870 [DEBUG] 收到消息 type=notify, stage=play
2026-04-09 10:53:04,881 [DEBUG] 收到消息 type=notify, stage=play
2026-04-09 10:53:04,894 [DEBUG] 收到消息 type=notify, stage=play
2026-04-09 10:53:04,905 [DEBUG] 收到消息 type=notify, stage=play
2026-04-09 10:53:04,918 [DEBUG] 收到消息 type=act, stage=play
2026-04-09 10:53:13,744 [INFO] 玩家选择动作索引: 20
2026-04-09 10:53:13,746 [DEBUG] 收到消息 type=notify, stage=play
2026-04-09 10:53:13,758 [DEBUG] 收到消息 type=notify, stage=play
2026-04-09 10:53:13,769 [DEBUG] 收到消息 type=notify, stage=play
2026-04-09 10:53:13,782 [DEBUG] 收到消息 type=notify, stage=play
2026-04-09 10:53:13,793 [DEBUG] 收到消息 type=act, stage=play
2026-04-09 10:53:15,337 [INFO] 玩家选择动作索引: 0
2026-04-09 10:53:15,340 [DEBUG] 收到消息 type=notify, stage=play
2026-04-09 10:53:15,351 [DEBUG] 收到消息 type=notify, stage=play
2026-04-09 10:53:15,365 [DEBUG] 收到消息 type=notify, stage=play
2026-04-09 10:53:15,377 [DEBUG] 收到消息 type=notify, stage=play
2026-04-09 10:53:15,390 [DEBUG] 收到消息 type=act, stage=play
2026-04-09 10:53:20,404 [INFO] 玩家选择动作索引: 0
2026-04-09 10:53:20,406 [DEBUG] 收到消息 type=notify, stage=play
2026-04-09 10:53:20,419 [DEBUG] 收到消息 type=notify, stage=play
2026-04-09 10:53:20,429 [DEBUG] 收到消息 type=notify, stage=play
2026-04-09 10:53:20,441 [DEBUG] 收到消息 type=notify, stage=play
2026-04-09 10:53:20,452 [DEBUG] 收到消息 type=act, stage=play
2026-04-09 10:53:30,216 [INFO] 玩家选择动作索引: 1
2026-04-09 10:53:30,218 [DEBUG] 收到消息 type=notify, stage=play
2026-04-09 10:53:30,230 [DEBUG] 收到消息 type=notify, stage=play
2026-04-09 10:53:30,241 [DEBUG] 收到消息 type=notify, stage=play
2026-04-09 10:53:30,252 [DEBUG] 收到消息 type=notify, stage=play
2026-04-09 10:53:30,265 [DEBUG] 收到消息 type=act, stage=play
2026-04-09 10:53:34,273 [INFO] 玩家选择动作索引: 17
2026-04-09 10:53:34,275 [DEBUG] 收到消息 type=notify, stage=play
2026-04-09 10:53:34,286 [DEBUG] 收到消息 type=notify, stage=play
2026-04-09 10:53:34,298 [DEBUG] 收到消息 type=notify, stage=play
2026-04-09 10:53:34,309 [DEBUG] 收到消息 type=notify, stage=play
2026-04-09 10:53:34,320 [DEBUG] 收到消息 type=act, stage=play
2026-04-09 10:53:36,775 [INFO] 玩家选择动作索引: 0
2026-04-09 10:53:36,777 [DEBUG] 收到消息 type=notify, stage=play
2026-04-09 10:53:36,790 [DEBUG] 收到消息 type=notify, stage=play
2026-04-09 10:53:36,800 [DEBUG] 收到消息 type=notify, stage=play
2026-04-09 10:53:36,812 [DEBUG] 收到消息 type=notify, stage=play
2026-04-09 10:53:36,824 [DEBUG] 收到消息 type=act, stage=play
2026-04-09 10:53:39,943 [INFO] 玩家选择动作索引: 2
2026-04-09 10:53:39,945 [DEBUG] 收到消息 type=notify, stage=play
2026-04-09 10:53:39,955 [DEBUG] 收到消息 type=notify, stage=play
2026-04-09 10:53:39,968 [DEBUG] 收到消息 type=notify, stage=play
2026-04-09 10:53:39,979 [DEBUG] 收到消息 type=notify, stage=play
2026-04-09 10:53:39,992 [DEBUG] 收到消息 type=notify, stage=play
2026-04-09 10:53:40,003 [DEBUG] 收到消息 type=notify, stage=play
2026-04-09 10:53:40,015 [DEBUG] 收到消息 type=notify, stage=play
2026-04-09 10:53:40,026 [DEBUG] 收到消息 type=notify, stage=play
2026-04-09 10:53:40,037 [DEBUG] 收到消息 type=notify, stage=play
2026-04-09 10:53:40,050 [DEBUG] 收到消息 type=notify, stage=play
2026-04-09 10:53:40,061 [DEBUG] 收到消息 type=notify, stage=play
2026-04-09 10:53:40,072 [DEBUG] 收到消息 type=notify, stage=play
2026-04-09 10:53:40,084 [DEBUG] 收到消息 type=notify, stage=play
2026-04-09 10:53:40,095 [DEBUG] 收到消息 type=notify, stage=play
2026-04-09 10:53:40,107 [DEBUG] 收到消息 type=notify, stage=play
2026-04-09 10:53:40,119 [DEBUG] 收到消息 type=notify, stage=play
2026-04-09 10:53:40,130 [DEBUG] 收到消息 type=notify, stage=play
2026-04-09 10:53:40,142 [DEBUG] 收到消息 type=notify, stage=play
2026-04-09 10:53:40,156 [DEBUG] 收到消息 type=notify, stage=play
2026-04-09 10:53:40,167 [DEBUG] 收到消息 type=notify, stage=play
2026-04-09 10:53:40,182 [DEBUG] 收到消息 type=notify, stage=play
2026-04-09 10:53:40,195 [DEBUG] 收到消息 type=notify, stage=play
2026-04-09 10:53:40,207 [DEBUG] 收到消息 type=notify, stage=play
2026-04-09 10:53:40,222 [DEBUG] 收到消息 type=notify, stage=play
2026-04-09 10:53:40,234 [DEBUG] 收到消息 type=notify, stage=play
2026-04-09 10:53:40,247 [DEBUG] 收到消息 type=notify, stage=play
2026-04-09 10:53:40,260 [DEBUG] 收到消息 type=notify, stage=play
2026-04-09 10:53:40,272 [DEBUG] 收到消息 type=notify, stage=play
2026-04-09 10:53:40,283 [DEBUG] 收到消息 type=notify, stage=play
2026-04-09 10:53:40,294 [DEBUG] 收到消息 type=notify, stage=play
2026-04-09 10:53:40,305 [DEBUG] 收到消息 type=notify, stage=play
2026-04-09 10:53:40,315 [DEBUG] 收到消息 type=notify, stage=play
2026-04-09 10:53:40,326 [DEBUG] 收到消息 type=notify, stage=play
2026-04-09 10:53:40,336 [DEBUG] 收到消息 type=notify, stage=play
2026-04-09 10:53:40,347 [DEBUG] 收到消息 type=notify, stage=play
2026-04-09 10:53:40,360 [DEBUG] 收到消息 type=notify, stage=play
2026-04-09 10:53:40,381 [DEBUG] 收到消息 type=notify, stage=play
2026-04-09 10:53:40,391 [DEBUG] 收到消息 type=notify, stage=play
2026-04-09 10:53:40,403 [DEBUG] 收到消息 type=notify, stage=play
2026-04-09 10:53:40,413 [DEBUG] 收到消息 type=notify, stage=play
2026-04-09 10:53:40,425 [DEBUG] 收到消息 type=notify, stage=play
2026-04-09 10:53:40,436 [DEBUG] 收到消息 type=notify, stage=play
2026-04-09 10:53:40,448 [DEBUG] 收到消息 type=notify, stage=play
2026-04-09 10:53:40,458 [DEBUG] 收到消息 type=notify, stage=play
2026-04-09 10:53:40,470 [DEBUG] 收到消息 type=notify, stage=play
2026-04-09 10:53:40,481 [DEBUG] 收到消息 type=notify, stage=play
2026-04-09 10:53:40,491 [DEBUG] 收到消息 type=notify, stage=play
2026-04-09 10:53:40,502 [DEBUG] 收到消息 type=notify, stage=play
2026-04-09 10:53:40,512 [DEBUG] 收到消息 type=notify, stage=play
2026-04-09 10:53:40,522 [DEBUG] 收到消息 type=notify, stage=play
2026-04-09 10:53:40,535 [DEBUG] 收到消息 type=notify, stage=play
2026-04-09 10:53:40,545 [DEBUG] 收到消息 type=notify, stage=play
2026-04-09 10:53:40,556 [DEBUG] 收到消息 type=notify, stage=play
2026-04-09 10:53:40,568 [DEBUG] 收到消息 type=notify, stage=play
2026-04-09 10:53:40,579 [DEBUG] 收到消息 type=notify, stage=play
2026-04-09 10:53:40,592 [DEBUG] 收到消息 type=notify, stage=play
2026-04-09 10:53:40,603 [DEBUG] 收到消息 type=notify, stage=play
2026-04-09 10:53:40,614 [DEBUG] 收到消息 type=notify, stage=play
2026-04-09 10:53:40,626 [DEBUG] 收到消息 type=notify, stage=play
2026-04-09 10:53:40,638 [DEBUG] 收到消息 type=notify, stage=play
2026-04-09 10:53:40,650 [DEBUG] 收到消息 type=notify, stage=play
2026-04-09 10:53:40,662 [DEBUG] 收到消息 type=notify, stage=play
2026-04-09 10:53:40,673 [DEBUG] 收到消息 type=notify, stage=play
2026-04-09 10:53:40,685 [DEBUG] 收到消息 type=notify, stage=play
2026-04-09 10:53:40,696 [DEBUG] 收到消息 type=notify, stage=play
2026-04-09 10:53:40,708 [DEBUG] 收到消息 type=notify, stage=play
2026-04-09 10:53:40,717 [DEBUG] 收到消息 type=notify, stage=play
2026-04-09 10:53:40,727 [DEBUG] 收到消息 type=notify, stage=play
2026-04-09 10:53:40,738 [DEBUG] 收到消息 type=notify, stage=play
2026-04-09 10:53:40,749 [DEBUG] 收到消息 type=notify, stage=play
2026-04-09 10:53:40,760 [DEBUG] 收到消息 type=notify, stage=play
2026-04-09 10:53:40,769 [DEBUG] 收到消息 type=notify, stage=play
2026-04-09 10:53:40,781 [DEBUG] 收到消息 type=notify, stage=play
2026-04-09 10:53:40,792 [DEBUG] 收到消息 type=notify, stage=play
2026-04-09 10:53:40,803 [DEBUG] 收到消息 type=notify, stage=play
2026-04-09 10:53:40,815 [DEBUG] 收到消息 type=notify, stage=play
2026-04-09 10:53:40,826 [DEBUG] 收到消息 type=notify, stage=play
2026-04-09 10:53:40,838 [DEBUG] 收到消息 type=notify, stage=play
2026-04-09 10:53:40,848 [DEBUG] 收到消息 type=notify, stage=play
2026-04-09 10:53:40,859 [DEBUG] 收到消息 type=notify, stage=play
2026-04-09 10:53:40,870 [DEBUG] 收到消息 type=notify, stage=play
2026-04-09 10:53:40,881 [DEBUG] 收到消息 type=notify, stage=play
2026-04-09 10:53:40,891 [DEBUG] 收到消息 type=notify, stage=play
2026-04-09 10:53:40,902 [DEBUG] 收到消息 type=notify, stage=episodeOver
2026-04-09 10:53:45,924 [DEBUG] 收到消息 type=notify, stage=beginning
2026-04-09 10:53:45,924 [INFO] 收到 beginning, 座位: 3
2026-04-09 10:53:45,936 [DEBUG] 收到消息 type=notify, stage=tribute
2026-04-09 10:53:47,950 [DEBUG] 收到消息 type=act, stage=back
2026-04-09 10:53:51,732 [INFO] 玩家选择动作索引: 0
2026-04-09 10:53:51,735 [DEBUG] 收到消息 type=notify, stage=back
2026-04-09 10:53:53,754 [DEBUG] 收到消息 type=notify, stage=play
2026-04-09 10:53:53,766 [DEBUG] 收到消息 type=notify, stage=play
2026-04-09 10:53:53,780 [DEBUG] 收到消息 type=act, stage=play
2026-04-09 11:04:47,831 [INFO] ===== 启动 Actor 进程 =====
2026-04-09 11:04:47,831 [INFO] 初始化 pygame...
2026-04-09 11:04:48,694 [INFO] 基础图片加载成功
2026-04-09 11:04:48,729 [INFO] 窗口创建完成
2026-04-09 11:04:48,734 [INFO] ZMQ 端口 11003 绑定成功
2026-04-09 11:04:48,775 [DEBUG] 收到消息 type=notify, stage=beginning
2026-04-09 11:04:48,776 [INFO] 收到 beginning, 座位: 3
2026-04-09 11:04:48,890 [DEBUG] 收到消息 type=notify, stage=play
2026-04-09 11:04:48,909 [DEBUG] 收到消息 type=act, stage=play
2026-04-09 11:04:58,047 [INFO] 玩家选择动作索引: 0
2026-04-09 11:04:58,049 [DEBUG] 收到消息 type=notify, stage=play
2026-04-09 11:04:58,074 [DEBUG] 收到消息 type=notify, stage=play
2026-04-09 11:04:58,093 [DEBUG] 收到消息 type=notify, stage=play
2026-04-09 11:04:58,106 [DEBUG] 收到消息 type=notify, stage=play
2026-04-09 11:04:58,119 [DEBUG] 收到消息 type=act, stage=play
2026-04-09 11:04:59,722 [INFO] 玩家选择动作索引: 0
2026-04-09 11:04:59,724 [DEBUG] 收到消息 type=notify, stage=play
2026-04-09 11:04:59,736 [DEBUG] 收到消息 type=notify, stage=play
2026-04-09 11:04:59,748 [DEBUG] 收到消息 type=notify, stage=play
2026-04-09 11:04:59,762 [DEBUG] 收到消息 type=notify, stage=play
2026-04-09 11:04:59,775 [DEBUG] 收到消息 type=act, stage=play
2026-04-09 11:05:00,747 [INFO] 玩家选择动作索引: 0
2026-04-09 11:05:00,749 [DEBUG] 收到消息 type=notify, stage=play
2026-04-09 11:05:00,762 [DEBUG] 收到消息 type=notify, stage=play
2026-04-09 11:05:00,774 [DEBUG] 收到消息 type=notify, stage=play
2026-04-09 11:05:00,788 [DEBUG] 收到消息 type=notify, stage=play
2026-04-09 11:05:00,806 [DEBUG] 收到消息 type=act, stage=play
2026-04-09 11:05:02,154 [INFO] 玩家选择动作索引: 0
2026-04-09 11:05:02,157 [DEBUG] 收到消息 type=notify, stage=play
2026-04-09 11:05:02,169 [DEBUG] 收到消息 type=notify, stage=play
2026-04-09 11:05:02,181 [DEBUG] 收到消息 type=notify, stage=play
2026-04-09 11:05:02,193 [DEBUG] 收到消息 type=notify, stage=play
2026-04-09 11:05:02,207 [DEBUG] 收到消息 type=act, stage=play
2026-04-09 11:05:03,306 [INFO] 玩家选择动作索引: 0
2026-04-09 11:05:03,308 [DEBUG] 收到消息 type=notify, stage=play
2026-04-09 11:05:03,320 [DEBUG] 收到消息 type=notify, stage=play
2026-04-09 11:05:03,335 [DEBUG] 收到消息 type=notify, stage=play
2026-04-09 11:05:03,346 [DEBUG] 收到消息 type=notify, stage=play
2026-04-09 11:05:03,366 [DEBUG] 收到消息 type=act, stage=play
2026-04-09 11:05:04,530 [INFO] 玩家选择动作索引: 0
2026-04-09 11:05:04,532 [DEBUG] 收到消息 type=notify, stage=play
2026-04-09 11:05:04,544 [DEBUG] 收到消息 type=notify, stage=play
2026-04-09 11:05:04,556 [DEBUG] 收到消息 type=notify, stage=play
2026-04-09 11:05:04,570 [DEBUG] 收到消息 type=notify, stage=play
2026-04-09 11:05:04,582 [DEBUG] 收到消息 type=act, stage=play
2026-04-09 11:05:05,177 [INFO] 玩家选择动作索引: 0
2026-04-09 11:05:05,179 [DEBUG] 收到消息 type=notify, stage=play
2026-04-09 11:05:05,191 [DEBUG] 收到消息 type=notify, stage=play
2026-04-09 11:05:05,204 [DEBUG] 收到消息 type=notify, stage=play
2026-04-09 11:05:05,215 [DEBUG] 收到消息 type=notify, stage=play
2026-04-09 11:05:05,228 [DEBUG] 收到消息 type=act, stage=play
2026-04-09 11:05:07,463 [INFO] 玩家选择动作索引: 0
2026-04-09 11:05:07,464 [DEBUG] 收到消息 type=notify, stage=play
2026-04-09 11:05:07,477 [DEBUG] 收到消息 type=notify, stage=play
2026-04-09 11:05:07,491 [DEBUG] 收到消息 type=notify, stage=play
2026-04-09 11:05:07,502 [DEBUG] 收到消息 type=notify, stage=play
2026-04-09 11:05:07,514 [DEBUG] 收到消息 type=act, stage=play
2026-04-09 11:05:08,232 [INFO] 玩家选择动作索引: 0
2026-04-09 11:05:08,235 [DEBUG] 收到消息 type=notify, stage=play
2026-04-09 11:05:08,247 [DEBUG] 收到消息 type=notify, stage=play
2026-04-09 11:05:08,258 [DEBUG] 收到消息 type=notify, stage=play
2026-04-09 11:05:08,270 [DEBUG] 收到消息 type=notify, stage=play
2026-04-09 11:05:08,284 [DEBUG] 收到消息 type=act, stage=play
2026-04-09 11:05:09,155 [INFO] 玩家选择动作索引: 0
2026-04-09 11:05:09,158 [DEBUG] 收到消息 type=notify, stage=play
2026-04-09 11:05:09,169 [DEBUG] 收到消息 type=notify, stage=play
2026-04-09 11:05:09,181 [DEBUG] 收到消息 type=notify, stage=play
2026-04-09 11:05:09,193 [DEBUG] 收到消息 type=notify, stage=play
2026-04-09 11:05:09,207 [DEBUG] 收到消息 type=act, stage=play
2026-04-09 11:05:09,641 [INFO] 玩家选择动作索引: 0
2026-04-09 11:05:09,643 [DEBUG] 收到消息 type=notify, stage=play
2026-04-09 11:05:09,656 [DEBUG] 收到消息 type=notify, stage=play
2026-04-09 11:05:09,668 [DEBUG] 收到消息 type=notify, stage=play
2026-04-09 11:05:09,679 [DEBUG] 收到消息 type=notify, stage=play
2026-04-09 11:05:09,692 [DEBUG] 收到消息 type=act, stage=play
2026-04-09 11:05:10,247 [INFO] 玩家选择动作索引: 0
2026-04-09 11:05:10,249 [DEBUG] 收到消息 type=notify, stage=play
2026-04-09 11:05:10,261 [DEBUG] 收到消息 type=notify, stage=play
2026-04-09 11:05:10,274 [DEBUG] 收到消息 type=notify, stage=play
2026-04-09 11:05:10,286 [DEBUG] 收到消息 type=notify, stage=play
2026-04-09 11:05:10,298 [DEBUG] 收到消息 type=act, stage=play
2026-04-09 11:05:10,893 [INFO] 玩家选择动作索引: 0
2026-04-09 11:05:10,895 [DEBUG] 收到消息 type=notify, stage=play
2026-04-09 11:05:10,907 [DEBUG] 收到消息 type=notify, stage=play
2026-04-09 11:05:10,923 [DEBUG] 收到消息 type=notify, stage=play
2026-04-09 11:05:10,934 [DEBUG] 收到消息 type=notify, stage=play
2026-04-09 11:05:10,947 [DEBUG] 收到消息 type=act, stage=play
2026-04-09 11:05:11,426 [INFO] 玩家选择动作索引: 0
2026-04-09 11:05:11,428 [DEBUG] 收到消息 type=notify, stage=play
2026-04-09 11:05:11,441 [DEBUG] 收到消息 type=notify, stage=play
2026-04-09 11:05:11,453 [DEBUG] 收到消息 type=notify, stage=play
2026-04-09 11:05:11,465 [DEBUG] 收到消息 type=notify, stage=play
2026-04-09 11:05:11,477 [DEBUG] 收到消息 type=act, stage=play
2026-04-09 11:05:11,931 [INFO] 玩家选择动作索引: 0
2026-04-09 11:05:11,933 [DEBUG] 收到消息 type=notify, stage=play
2026-04-09 11:05:11,945 [DEBUG] 收到消息 type=notify, stage=play
2026-04-09 11:05:11,956 [DEBUG] 收到消息 type=notify, stage=play
2026-04-09 11:05:11,968 [DEBUG] 收到消息 type=notify, stage=play
2026-04-09 11:05:11,979 [DEBUG] 收到消息 type=act, stage=play
2026-04-09 11:05:12,659 [INFO] 玩家选择动作索引: 0
2026-04-09 11:05:12,661 [DEBUG] 收到消息 type=notify, stage=play
2026-04-09 11:05:12,672 [DEBUG] 收到消息 type=notify, stage=play
2026-04-09 11:05:12,684 [DEBUG] 收到消息 type=notify, stage=play
2026-04-09 11:05:12,696 [DEBUG] 收到消息 type=notify, stage=play
2026-04-09 11:05:12,707 [DEBUG] 收到消息 type=act, stage=play
2026-04-09 11:05:13,165 [INFO] 玩家选择动作索引: 0
2026-04-09 11:05:13,167 [DEBUG] 收到消息 type=notify, stage=play
2026-04-09 11:05:13,178 [DEBUG] 收到消息 type=notify, stage=play
2026-04-09 11:05:13,192 [DEBUG] 收到消息 type=notify, stage=play
2026-04-09 11:05:13,203 [DEBUG] 收到消息 type=notify, stage=play
2026-04-09 11:05:13,215 [DEBUG] 收到消息 type=act, stage=play
2026-04-09 11:05:13,627 [INFO] 玩家选择动作索引: 0
2026-04-09 11:05:13,635 [DEBUG] 收到消息 type=notify, stage=play
2026-04-09 11:05:13,647 [DEBUG] 收到消息 type=notify, stage=play
2026-04-09 11:05:13,659 [DEBUG] 收到消息 type=notify, stage=play
2026-04-09 11:05:13,673 [DEBUG] 收到消息 type=notify, stage=play
2026-04-09 11:05:13,684 [DEBUG] 收到消息 type=act, stage=play
2026-04-09 11:05:14,101 [INFO] 玩家选择动作索引: 0
2026-04-09 11:05:14,103 [DEBUG] 收到消息 type=notify, stage=play
2026-04-09 11:05:14,115 [DEBUG] 收到消息 type=notify, stage=play
2026-04-09 11:05:14,127 [DEBUG] 收到消息 type=notify, stage=play
2026-04-09 11:05:14,139 [DEBUG] 收到消息 type=notify, stage=play
2026-04-09 11:05:14,152 [DEBUG] 收到消息 type=act, stage=play
2026-04-09 11:05:14,607 [INFO] 玩家选择动作索引: 0
2026-04-09 11:05:14,608 [DEBUG] 收到消息 type=notify, stage=play
2026-04-09 11:05:14,621 [DEBUG] 收到消息 type=notify, stage=play
2026-04-09 11:05:14,633 [DEBUG] 收到消息 type=notify, stage=play
2026-04-09 11:05:14,644 [DEBUG] 收到消息 type=notify, stage=play
2026-04-09 11:05:14,657 [DEBUG] 收到消息 type=act, stage=play
2026-04-09 11:05:15,048 [INFO] 玩家选择动作索引: 0
2026-04-09 11:05:15,050 [DEBUG] 收到消息 type=notify, stage=play
2026-04-09 11:05:15,063 [DEBUG] 收到消息 type=notify, stage=play
2026-04-09 11:05:15,074 [DEBUG] 收到消息 type=notify, stage=play
2026-04-09 11:05:15,085 [DEBUG] 收到消息 type=notify, stage=play
2026-04-09 11:05:15,097 [DEBUG] 收到消息 type=act, stage=play
2026-04-09 11:05:15,659 [INFO] 玩家选择动作索引: 0
2026-04-09 11:05:15,662 [DEBUG] 收到消息 type=notify, stage=play
2026-04-09 11:05:15,674 [DEBUG] 收到消息 type=notify, stage=play
2026-04-09 11:05:15,686 [DEBUG] 收到消息 type=notify, stage=play
2026-04-09 11:05:15,699 [DEBUG] 收到消息 type=notify, stage=play
2026-04-09 11:05:15,711 [DEBUG] 收到消息 type=act, stage=play
2026-04-09 11:05:16,224 [INFO] 玩家选择动作索引: 0
2026-04-09 11:05:16,226 [DEBUG] 收到消息 type=notify, stage=play
2026-04-09 11:05:16,238 [DEBUG] 收到消息 type=notify, stage=play
2026-04-09 11:05:16,250 [DEBUG] 收到消息 type=notify, stage=play
2026-04-09 11:05:16,261 [DEBUG] 收到消息 type=notify, stage=play
2026-04-09 11:05:16,273 [DEBUG] 收到消息 type=act, stage=play
2026-04-09 11:05:16,816 [INFO] 玩家选择动作索引: 0
2026-04-09 11:05:16,818 [DEBUG] 收到消息 type=notify, stage=play
2026-04-09 11:05:16,831 [DEBUG] 收到消息 type=notify, stage=play
2026-04-09 11:05:16,843 [DEBUG] 收到消息 type=notify, stage=play
2026-04-09 11:05:16,853 [DEBUG] 收到消息 type=notify, stage=play
2026-04-09 11:05:16,866 [DEBUG] 收到消息 type=act, stage=play
2026-04-09 11:05:17,365 [INFO] 玩家选择动作索引: 0
2026-04-09 11:05:17,367 [DEBUG] 收到消息 type=notify, stage=play
2026-04-09 11:05:17,379 [DEBUG] 收到消息 type=notify, stage=play
2026-04-09 11:05:17,391 [DEBUG] 收到消息 type=notify, stage=play
2026-04-09 11:05:17,403 [DEBUG] 收到消息 type=notify, stage=play
2026-04-09 11:05:17,414 [DEBUG] 收到消息 type=notify, stage=play
2026-04-09 11:05:17,427 [DEBUG] 收到消息 type=act, stage=play
2026-04-09 11:05:18,098 [INFO] 玩家选择动作索引: 0
2026-04-09 11:05:18,099 [DEBUG] 收到消息 type=notify, stage=play
2026-04-09 11:05:18,112 [DEBUG] 收到消息 type=notify, stage=play
2026-04-09 11:05:18,124 [DEBUG] 收到消息 type=notify, stage=play
2026-04-09 11:05:18,136 [DEBUG] 收到消息 type=act, stage=play
2026-04-09 11:05:18,502 [INFO] 玩家选择动作索引: 0
2026-04-09 11:05:18,503 [DEBUG] 收到消息 type=notify, stage=play
2026-04-09 11:05:18,515 [DEBUG] 收到消息 type=notify, stage=play
2026-04-09 11:05:18,527 [DEBUG] 收到消息 type=notify, stage=play
2026-04-09 11:05:18,540 [DEBUG] 收到消息 type=act, stage=play
2026-04-09 11:05:18,787 [INFO] 玩家选择动作索引: 0
2026-04-09 11:05:18,789 [DEBUG] 收到消息 type=notify, stage=play
2026-04-09 11:05:18,802 [DEBUG] 收到消息 type=notify, stage=play
2026-04-09 11:05:18,814 [DEBUG] 收到消息 type=notify, stage=play
2026-04-09 11:05:18,825 [DEBUG] 收到消息 type=act, stage=play
2026-04-09 11:05:19,002 [INFO] 玩家选择动作索引: 0
2026-04-09 11:05:19,003 [DEBUG] 收到消息 type=notify, stage=play
2026-04-09 11:05:19,019 [DEBUG] 收到消息 type=notify, stage=play
2026-04-09 11:05:19,032 [DEBUG] 收到消息 type=notify, stage=play
2026-04-09 11:05:19,046 [DEBUG] 收到消息 type=act, stage=play
2026-04-09 11:05:19,266 [INFO] 玩家选择动作索引: 0
2026-04-09 11:05:19,268 [DEBUG] 收到消息 type=notify, stage=play
2026-04-09 11:05:19,279 [DEBUG] 收到消息 type=notify, stage=play
2026-04-09 11:05:19,291 [DEBUG] 收到消息 type=notify, stage=play
2026-04-09 11:05:19,304 [DEBUG] 收到消息 type=act, stage=play
2026-04-09 11:05:19,683 [INFO] 玩家选择动作索引: 0
2026-04-09 11:05:19,685 [DEBUG] 收到消息 type=notify, stage=play
2026-04-09 11:05:19,698 [DEBUG] 收到消息 type=notify, stage=play
2026-04-09 11:05:19,709 [DEBUG] 收到消息 type=notify, stage=play
2026-04-09 11:05:19,721 [DEBUG] 收到消息 type=act, stage=play
2026-04-09 11:05:20,283 [INFO] 玩家选择动作索引: 0
2026-04-09 11:05:20,285 [DEBUG] 收到消息 type=notify, stage=play
2026-04-09 11:05:20,298 [DEBUG] 收到消息 type=notify, stage=play
2026-04-09 11:05:20,309 [DEBUG] 收到消息 type=notify, stage=play
2026-04-09 11:05:20,322 [DEBUG] 收到消息 type=act, stage=play
2026-04-09 11:05:21,120 [INFO] 玩家选择动作索引: 0
2026-04-09 11:05:21,121 [DEBUG] 收到消息 type=notify, stage=play
2026-04-09 11:05:21,133 [DEBUG] 收到消息 type=notify, stage=play
2026-04-09 11:05:21,145 [DEBUG] 收到消息 type=notify, stage=play
2026-04-09 11:05:21,158 [DEBUG] 收到消息 type=act, stage=play
2026-04-09 11:05:21,895 [INFO] 玩家选择动作索引: 0
2026-04-09 11:05:21,897 [DEBUG] 收到消息 type=notify, stage=play
2026-04-09 11:05:21,908 [DEBUG] 收到消息 type=notify, stage=play
2026-04-09 11:05:21,920 [DEBUG] 收到消息 type=notify, stage=play
2026-04-09 11:05:21,932 [DEBUG] 收到消息 type=notify, stage=episodeOver
2026-04-09 11:05:26,946 [DEBUG] 收到消息 type=notify, stage=beginning
2026-04-09 11:05:26,946 [INFO] 收到 beginning, 座位: 3
2026-04-09 11:05:26,958 [DEBUG] 收到消息 type=act, stage=tribute
2026-04-09 11:05:53,104 [INFO] 玩家选择动作索引: 1
2026-04-09 11:05:53,108 [DEBUG] 收到消息 type=notify, stage=tribute
2026-04-09 11:05:55,136 [DEBUG] 收到消息 type=notify, stage=back
2026-04-09 11:05:57,147 [DEBUG] 收到消息 type=notify, stage=play
2026-04-09 11:05:57,159 [DEBUG] 收到消息 type=notify, stage=play
2026-04-09 11:05:57,171 [DEBUG] 收到消息 type=act, stage=play
